Selected Model Type: CI-Net
AUC Macro OVR: 0.7427920761358354, AUC Macro OVO: 0.7003267137640875, AP Macro: 0.2223883530154478
Best validation loss detected at epoch 1! Validation Loss: 1.9069204807281495, Validation Accuracy: 0.43393939393939396. Saving model..
AUC Macro OVR: 0.7297907929261387, AUC Macro OVO: 0.6917598243749558, AP Macro: 0.19929778877297855
Best validation loss detected at epoch 2! Validation Loss: 1.856037525697188, Validation Accuracy: 0.4826893939393939. Saving model..
AUC Macro OVR: 0.7068576384677535, AUC Macro OVO: 0.7234185401060994, AP Macro: 0.22133442936894626
Best validation loss detected at epoch 3! Validation Loss: 1.7988864313472401, Validation Accuracy: 0.43. Saving model..
AUC Macro OVR: 0.7562608339004342, AUC Macro OVO: 0.6992491323778013, AP Macro: 0.1978841503584797
AUC Macro OVR: 0.7834432656437438, AUC Macro OVO: 0.73154977860633, AP Macro: 0.24952580264219076
Best validation loss detected at epoch 5! Validation Loss: 1.746986449848522, Validation Accuracy: 0.6199242424242424. Saving model..
AUC Macro OVR: 0.7442246185023764, AUC Macro OVO: 0.7499257506764957, AP Macro: 0.22188299459159175
Best validation loss detected at epoch 6! Validation Loss: 1.7418442010879516, Validation Accuracy: 0.4827272727272727. Saving model..
AUC Macro OVR: 0.7758373671225048, AUC Macro OVO: 0.7625808630417007, AP Macro: 0.22582613078475738
Best validation loss detected at epoch 7! Validation Loss: 1.7203519842841408, Validation Accuracy: 0.4890530303030303. Saving model..
AUC Macro OVR: 0.7710719314326702, AUC Macro OVO: 0.759841131352661, AP Macro: 0.23794676716385493
Best validation loss detected at epoch 8! Validation Loss: 1.6944707328622992, Validation Accuracy: 0.5027651515151516. Saving model..
AUC Macro OVR: 0.7691179479853187, AUC Macro OVO: 0.7475666773990504, AP Macro: 0.25470453507915847
AUC Macro OVR: 0.8184914031486904, AUC Macro OVO: 0.7887308737325275, AP Macro: 0.2830499668704074
Best validation loss detected at epoch 10! Validation Loss: 1.6511968222531406, Validation Accuracy: 0.6268181818181818. Saving model..
AUC Macro OVR: 0.8000671099505187, AUC Macro OVO: 0.7639078826415792, AP Macro: 0.2775146323224273
AUC Macro OVR: 0.8162231523195406, AUC Macro OVO: 0.7810217892222816, AP Macro: 0.28676243739879226
AUC Macro OVR: 0.8053375495802118, AUC Macro OVO: 0.7917306353049194, AP Macro: 0.2838504794209068
Best validation loss detected at epoch 13! Validation Loss: 1.6268292275342073, Validation Accuracy: 0.488030303030303. Saving model..
AUC Macro OVR: 0.8266302275871665, AUC Macro OVO: 0.8037278454215901, AP Macro: 0.30752299728703814
Best validation loss detected at epoch 14! Validation Loss: 1.5861437212337146, Validation Accuracy: 0.571590909090909. Saving model..
AUC Macro OVR: 0.8476819652770717, AUC Macro OVO: 0.8017538061840676, AP Macro: 0.3078736467020645
Best validation loss detected at epoch 15! Validation Loss: 1.555927855318243, Validation Accuracy: 0.6096969696969696. Saving model..
AUC Macro OVR: 0.8176238637062332, AUC Macro OVO: 0.7690328693112203, AP Macro: 0.2650186560288129
AUC Macro OVR: 0.8562935427293725, AUC Macro OVO: 0.8120416842015189, AP Macro: 0.3267232093173249
Best validation loss detected at epoch 17! Validation Loss: 1.5444556788964705, Validation Accuracy: 0.5210606060606061. Saving model..
AUC Macro OVR: 0.8758477533737501, AUC Macro OVO: 0.8233057577653533, AP Macro: 0.3270381176072231
Best validation loss detected at epoch 18! Validation Loss: 1.4827994639223272, Validation Accuracy: 0.5158333333333334. Saving model..
AUC Macro OVR: 0.8562870304748729, AUC Macro OVO: 0.8199419239968139, AP Macro: 0.32435397743667227
AUC Macro OVR: 0.8665436404978583, AUC Macro OVO: 0.8234609178068641, AP Macro: 0.35492540157834906
AUC Macro OVR: 0.8715163417641436, AUC Macro OVO: 0.8173625169560841, AP Macro: 0.35305666877436515
Best validation loss detected at epoch 21! Validation Loss: 1.4787152756344188, Validation Accuracy: 0.5540530303030303. Saving model..
AUC Macro OVR: 0.8635709259178264, AUC Macro OVO: 0.8275582429386737, AP Macro: 0.36198290776460135
Best validation loss detected at epoch 22! Validation Loss: 1.4391562277620489, Validation Accuracy: 0.5097727272727273. Saving model..
AUC Macro OVR: 0.8582072587721588, AUC Macro OVO: 0.8293896279155323, AP Macro: 0.34847557707622034
AUC Macro OVR: 0.8847612419614648, AUC Macro OVO: 0.833911519598719, AP Macro: 0.3655420719509306
Best validation loss detected at epoch 24! Validation Loss: 1.4373976046388799, Validation Accuracy: 0.5573106060606061. Saving model..
AUC Macro OVR: 0.882231904238522, AUC Macro OVO: 0.8460115439507564, AP Macro: 0.37712166314834583
Best validation loss detected at epoch 25! Validation Loss: 1.3956641153855758, Validation Accuracy: 0.5346590909090909. Saving model..
AUC Macro OVR: 0.8786990252220265, AUC Macro OVO: 0.8417329975305238, AP Macro: 0.37554162930061813
AUC Macro OVR: 0.871477301815367, AUC Macro OVO: 0.81775452707059, AP Macro: 0.3320389969236437
AUC Macro OVR: 0.886280870223681, AUC Macro OVO: 0.836033245673317, AP Macro: 0.3767964578632583
AUC Macro OVR: 0.8909848604131498, AUC Macro OVO: 0.8422615428544227, AP Macro: 0.37988985158804034
AUC Macro OVR: 0.8867987410112876, AUC Macro OVO: 0.8533397947871156, AP Macro: 0.3964781407914613
Best validation loss detected at epoch 30! Validation Loss: 1.3317031502723693, Validation Accuracy: 0.5791287878787879. Saving model..
AUC Macro OVR: 0.8904848812196392, AUC Macro OVO: 0.8553877533158414, AP Macro: 0.38207493357439193
AUC Macro OVR: 0.8955235484261657, AUC Macro OVO: 0.8634533515671067, AP Macro: 0.4122338423763835
Best validation loss detected at epoch 32! Validation Loss: 1.3052880904891275, Validation Accuracy: 0.5658333333333333. Saving model..
AUC Macro OVR: 0.8974932760222933, AUC Macro OVO: 0.8638077415588974, AP Macro: 0.40315008962194127
Best validation loss detected at epoch 33! Validation Loss: 1.3050501585006713, Validation Accuracy: 0.5875378787878788. Saving model..
AUC Macro OVR: 0.8803708071424052, AUC Macro OVO: 0.8454991597667971, AP Macro: 0.37521160824907196
AUC Macro OVR: 0.8730414636280748, AUC Macro OVO: 0.8602552939195619, AP Macro: 0.3715326476815968
AUC Macro OVR: 0.8821468392497789, AUC Macro OVO: 0.8577330391770872, AP Macro: 0.3775003356194223
AUC Macro OVR: 0.8954722926333974, AUC Macro OVO: 0.8682641289175452, AP Macro: 0.4098791478874184
Best validation loss detected at epoch 37! Validation Loss: 1.282303437319669, Validation Accuracy: 0.561969696969697. Saving model..
AUC Macro OVR: 0.8982929860877371, AUC Macro OVO: 0.8705098841480439, AP Macro: 0.4207325116282784
Best validation loss detected at epoch 38! Validation Loss: 1.275059005347165, Validation Accuracy: 0.5590909090909091. Saving model..
AUC Macro OVR: 0.8859950771597006, AUC Macro OVO: 0.8552501295723046, AP Macro: 0.38259385617701114
AUC Macro OVR: 0.8941633381550914, AUC Macro OVO: 0.8674799617678318, AP Macro: 0.43771403544587006
AUC Macro OVR: 0.891811944857771, AUC Macro OVO: 0.8802159747177585, AP Macro: 0.4303277728587793
Best validation loss detected at epoch 41! Validation Loss: 1.2628011085770348, Validation Accuracy: 0.5153409090909091. Saving model..
AUC Macro OVR: 0.8969711841249518, AUC Macro OVO: 0.8773692482686775, AP Macro: 0.44763507665985564
Best validation loss detected at epoch 42! Validation Loss: 1.2578959578817541, Validation Accuracy: 0.5892424242424242. Saving model..
AUC Macro OVR: 0.8821997049232703, AUC Macro OVO: 0.8653161426746221, AP Macro: 0.43356685482117013
AUC Macro OVR: 0.9033392162643017, AUC Macro OVO: 0.8649960071907047, AP Macro: 0.4353198240453551
AUC Macro OVR: 0.905835127670169, AUC Macro OVO: 0.8846344630864401, AP Macro: 0.448518106142194
Best validation loss detected at epoch 45! Validation Loss: 1.1717500984668732, Validation Accuracy: 0.5847727272727273. Saving model..
AUC Macro OVR: 0.9041555602940314, AUC Macro OVO: 0.8810742596722727, AP Macro: 0.4564021743387268
AUC Macro OVR: 0.9049246606115964, AUC Macro OVO: 0.8771803115480512, AP Macro: 0.4426747495657806
AUC Macro OVR: 0.8958982567391475, AUC Macro OVO: 0.880606298645797, AP Macro: 0.4518534659051328
AUC Macro OVR: 0.8981669582103777, AUC Macro OVO: 0.8756541225604157, AP Macro: 0.437301685185951
AUC Macro OVR: 0.9089876990952005, AUC Macro OVO: 0.8797800584615392, AP Macro: 0.4710016241785875
AUC Macro OVR: 0.9090993793066312, AUC Macro OVO: 0.8853959149493693, AP Macro: 0.4838581521931039
Best validation loss detected at epoch 51! Validation Loss: 1.1701597365466032, Validation Accuracy: 0.6198484848484849. Saving model..
AUC Macro OVR: 0.9056188276757731, AUC Macro OVO: 0.8736212703943391, AP Macro: 0.4745144813007268
AUC Macro OVR: 0.910041099249751, AUC Macro OVO: 0.8834648142193043, AP Macro: 0.4837181255358778
AUC Macro OVR: 0.9102531230682385, AUC Macro OVO: 0.8859785886737469, AP Macro: 0.4536506925022392
AUC Macro OVR: 0.9038112077673212, AUC Macro OVO: 0.8869066961629459, AP Macro: 0.4590243454741644
AUC Macro OVR: 0.8999872566651534, AUC Macro OVO: 0.8938115984282183, AP Macro: 0.46553019567520115
Best validation loss detected at epoch 56! Validation Loss: 1.144665856253017, Validation Accuracy: 0.5909090909090909. Saving model..
AUC Macro OVR: 0.899515559712527, AUC Macro OVO: 0.8762857054602228, AP Macro: 0.4446966425091499
AUC Macro OVR: 0.9045634201556937, AUC Macro OVO: 0.8867103976741537, AP Macro: 0.4838491605241445
AUC Macro OVR: 0.9171030264291773, AUC Macro OVO: 0.893254207947784, AP Macro: 0.4916420056713341
AUC Macro OVR: 0.9064443166361525, AUC Macro OVO: 0.8885668577966767, AP Macro: 0.4654879921069712
AUC Macro OVR: 0.8972378700820429, AUC Macro OVO: 0.8894907014809076, AP Macro: 0.4798749954192577
AUC Macro OVR: 0.883561498285339, AUC Macro OVO: 0.8809975913911179, AP Macro: 0.4319042084566027
AUC Macro OVR: 0.9128564119627336, AUC Macro OVO: 0.9006824268738711, AP Macro: 0.5017530261830794
Best validation loss detected at epoch 63! Validation Loss: 1.1250016884370284, Validation Accuracy: 0.5761363636363637. Saving model..
AUC Macro OVR: 0.8804728366040373, AUC Macro OVO: 0.8632655281892284, AP Macro: 0.4433446718528187
AUC Macro OVR: 0.9083729916868224, AUC Macro OVO: 0.8813163591742851, AP Macro: 0.48843645110154493
AUC Macro OVR: 0.9176113048364473, AUC Macro OVO: 0.8943246775522874, AP Macro: 0.5268535263404196
AUC Macro OVR: 0.908140560061039, AUC Macro OVO: 0.8879073104047034, AP Macro: 0.4893919705112927
AUC Macro OVR: 0.9032177587050162, AUC Macro OVO: 0.8916613128832621, AP Macro: 0.4751586634510133
AUC Macro OVR: 0.9017256102677427, AUC Macro OVO: 0.8915236866390134, AP Macro: 0.472432898286225
AUC Macro OVR: 0.9141071660374188, AUC Macro OVO: 0.8858924373496542, AP Macro: 0.5074880652265638
AUC Macro OVR: 0.9152597487574439, AUC Macro OVO: 0.9069258412780294, AP Macro: 0.5299904665602451
Best validation loss detected at epoch 71! Validation Loss: 1.104811069098386, Validation Accuracy: 0.5933333333333334. Saving model..
AUC Macro OVR: 0.9056474277631088, AUC Macro OVO: 0.8799212032984256, AP Macro: 0.48007634267015403
AUC Macro OVR: 0.9101346563532318, AUC Macro OVO: 0.8846095281852132, AP Macro: 0.4976027280603146
AUC Macro OVR: 0.9041617478662329, AUC Macro OVO: 0.8917516213536961, AP Macro: 0.4707329915099593
AUC Macro OVR: 0.9157426768366771, AUC Macro OVO: 0.8997850575134027, AP Macro: 0.5323804816229618
AUC Macro OVR: 0.9109258847124041, AUC Macro OVO: 0.9003685000125469, AP Macro: 0.5119113996597565
AUC Macro OVR: 0.9104688561058243, AUC Macro OVO: 0.8954611627228325, AP Macro: 0.5106478308443019
AUC Macro OVR: 0.9023724864606373, AUC Macro OVO: 0.8876831760550902, AP Macro: 0.4894647636510763
AUC Macro OVR: 0.9147136825537983, AUC Macro OVO: 0.9030739837687413, AP Macro: 0.5320205065058182
AUC Macro OVR: 0.9231193483080529, AUC Macro OVO: 0.9109335481487069, AP Macro: 0.5528176360701181
Best validation loss detected at epoch 80! Validation Loss: 1.100833383473483, Validation Accuracy: 0.5745075757575757. Saving model..
AUC Macro OVR: 0.9220408258228745, AUC Macro OVO: 0.9065377463560037, AP Macro: 0.5457553064396925
Best validation loss detected at epoch 81! Validation Loss: 1.0949083572084253, Validation Accuracy: 0.6284848484848485. Saving model..
AUC Macro OVR: 0.9130885562253559, AUC Macro OVO: 0.9013506169264887, AP Macro: 0.5330196426688922
AUC Macro OVR: 0.9166222725949785, AUC Macro OVO: 0.8989377745834792, AP Macro: 0.5359801596994413
AUC Macro OVR: 0.920688000676045, AUC Macro OVO: 0.8990362170497326, AP Macro: 0.5366635224183024
AUC Macro OVR: 0.9131482751274531, AUC Macro OVO: 0.8918301963066491, AP Macro: 0.5099351459234001
AUC Macro OVR: 0.9134494333057376, AUC Macro OVO: 0.8954247256389435, AP Macro: 0.5034656579956386
AUC Macro OVR: 0.914553034363133, AUC Macro OVO: 0.9083455080043576, AP Macro: 0.5568229170043499
Best validation loss detected at epoch 87! Validation Loss: 1.0904233954169533, Validation Accuracy: 0.6291287878787879. Saving model..
AUC Macro OVR: 0.8801972664129961, AUC Macro OVO: 0.8657603691925225, AP Macro: 0.47545370186580577
AUC Macro OVR: 0.9148757164619046, AUC Macro OVO: 0.9055388998313846, AP Macro: 0.5652732459618047
AUC Macro OVR: 0.92320410002306, AUC Macro OVO: 0.9008380344180956, AP Macro: 0.5551050009604368
AUC Macro OVR: 0.9216215346205139, AUC Macro OVO: 0.9109139664219935, AP Macro: 0.5574129637572987
AUC Macro OVR: 0.9145288272301966, AUC Macro OVO: 0.9012192309823434, AP Macro: 0.5150893926501929
AUC Macro OVR: 0.9236940743681354, AUC Macro OVO: 0.9109092141632164, AP Macro: 0.5581259394687625
Best validation loss detected at epoch 93! Validation Loss: 1.0863894440911033, Validation Accuracy: 0.6443939393939394. Saving model..
AUC Macro OVR: 0.9288305802848978, AUC Macro OVO: 0.9185582422515566, AP Macro: 0.5621050832463177
Best validation loss detected at epoch 94! Validation Loss: 1.0626761588183316, Validation Accuracy: 0.615530303030303. Saving model..
AUC Macro OVR: 0.921161500648613, AUC Macro OVO: 0.9105189948750817, AP Macro: 0.5491632395433987
AUC Macro OVR: 0.9129189994697431, AUC Macro OVO: 0.9075280762641941, AP Macro: 0.5361767149798148
AUC Macro OVR: 0.9164798090137933, AUC Macro OVO: 0.9095110325582746, AP Macro: 0.5570595653889829
AUC Macro OVR: 0.9238875120032874, AUC Macro OVO: 0.9172930237991468, AP Macro: 0.584589181746537
AUC Macro OVR: 0.9072604030321325, AUC Macro OVO: 0.8887031705805366, AP Macro: 0.5105565374767849
AUC Macro OVR: 0.9215233361916089, AUC Macro OVO: 0.9057566261601648, AP Macro: 0.5720964943319398
AUC Macro OVR: 0.923923195207562, AUC Macro OVO: 0.9208527648942234, AP Macro: 0.5836549170100265
Best validation loss detected at epoch 101! Validation Loss: 1.0302418161522258, Validation Accuracy: 0.6081060606060606. Saving model..
AUC Macro OVR: 0.9211163621579697, AUC Macro OVO: 0.9093747253862272, AP Macro: 0.5519090047194748
AUC Macro OVR: 0.9202557948117303, AUC Macro OVO: 0.9071798198033034, AP Macro: 0.5381337210520419
AUC Macro OVR: 0.9138066916124734, AUC Macro OVO: 0.9078074376596813, AP Macro: 0.5513713980681375
AUC Macro OVR: 0.9294903309640337, AUC Macro OVO: 0.9125059897517181, AP Macro: 0.5771429302184972
AUC Macro OVR: 0.9143151210877896, AUC Macro OVO: 0.8957746163890803, AP Macro: 0.5408446930896085
AUC Macro OVR: 0.9046554338022939, AUC Macro OVO: 0.8914307308873844, AP Macro: 0.5092887696950694
AUC Macro OVR: 0.9182986257847696, AUC Macro OVO: 0.9086539076540346, AP Macro: 0.5375800354382351
AUC Macro OVR: 0.9213844831864069, AUC Macro OVO: 0.9060985329145813, AP Macro: 0.555340891007513
AUC Macro OVR: 0.9157021699693862, AUC Macro OVO: 0.895383221168867, AP Macro: 0.5398459394202652
AUC Macro OVR: 0.9241302795211583, AUC Macro OVO: 0.9095336205015888, AP Macro: 0.5624659328267023
AUC Macro OVR: 0.9244326702289989, AUC Macro OVO: 0.9046493367153061, AP Macro: 0.5708491380373171
AUC Macro OVR: 0.928473122113363, AUC Macro OVO: 0.9149645323294852, AP Macro: 0.5870224090806784
AUC Macro OVR: 0.9314172742165249, AUC Macro OVO: 0.9210310281880868, AP Macro: 0.5949139941887339
AUC Macro OVR: 0.9337247615824684, AUC Macro OVO: 0.9226427397663773, AP Macro: 0.6122904765047945
AUC Macro OVR: 0.9338927697955656, AUC Macro OVO: 0.9233578336154163, AP Macro: 0.623539816219525
AUC Macro OVR: 0.9346296489101736, AUC Macro OVO: 0.9271686313886744, AP Macro: 0.6216244164409364
Best validation loss detected at epoch 117! Validation Loss: 0.9952920122580095, Validation Accuracy: 0.6660227272727273. Saving model..
AUC Macro OVR: 0.936231455808642, AUC Macro OVO: 0.926127521385615, AP Macro: 0.6251251922652771
AUC Macro OVR: 0.9354626604095553, AUC Macro OVO: 0.9279862922085478, AP Macro: 0.6255581335802907
Best validation loss detected at epoch 119! Validation Loss: 0.9938574091954665, Validation Accuracy: 0.6711742424242424. Saving model..
AUC Macro OVR: 0.9363701152529411, AUC Macro OVO: 0.9284925109645419, AP Macro: 0.6332057749642771
Best validation loss detected at epoch 120! Validation Loss: 0.9871642819859765, Validation Accuracy: 0.6769318181818182. Saving model..
AUC Macro OVR: 0.9347318814681642, AUC Macro OVO: 0.9299049053199885, AP Macro: 0.6264547897475776
AUC Macro OVR: 0.9357582316084676, AUC Macro OVO: 0.9283236644356977, AP Macro: 0.635085733224286
AUC Macro OVR: 0.9367899268658918, AUC Macro OVO: 0.9279030859981107, AP Macro: 0.6319402029674178
AUC Macro OVR: 0.9374868275198396, AUC Macro OVO: 0.9298299975602963, AP Macro: 0.639576267240387
AUC Macro OVR: 0.9369022508561498, AUC Macro OVO: 0.9266592100359057, AP Macro: 0.6296216878545088
AUC Macro OVR: 0.9364421786865789, AUC Macro OVO: 0.9270889088116506, AP Macro: 0.6322148330651243
AUC Macro OVR: 0.9362041985914886, AUC Macro OVO: 0.9248982229942866, AP Macro: 0.6259383099948646
AUC Macro OVR: 0.9355338539347774, AUC Macro OVO: 0.9248575707483612, AP Macro: 0.6248791717922964
AUC Macro OVR: 0.9344739803607641, AUC Macro OVO: 0.9236804429667556, AP Macro: 0.6249323519280962
AUC Macro OVR: 0.9344532012930319, AUC Macro OVO: 0.9236881167158375, AP Macro: 0.6199069407565031
AUC Macro OVR: 0.9353812664686991, AUC Macro OVO: 0.9237139024634652, AP Macro: 0.6274849486955193
AUC Macro OVR: 0.9326670897625814, AUC Macro OVO: 0.9246022928201277, AP Macro: 0.6227287182727548
AUC Macro OVR: 0.9362465474508413, AUC Macro OVO: 0.9236698043624815, AP Macro: 0.6316097125247859
AUC Macro OVR: 0.9345514933824576, AUC Macro OVO: 0.924554923204511, AP Macro: 0.6282382804149986
AUC Macro OVR: 0.9341703495330707, AUC Macro OVO: 0.9257073282899816, AP Macro: 0.6271385965155105
AUC Macro OVR: 0.9348151360974283, AUC Macro OVO: 0.925014116786654, AP Macro: 0.6290602004507695
AUC Macro OVR: 0.935562806568736, AUC Macro OVO: 0.925359028782738, AP Macro: 0.625713570732416
AUC Macro OVR: 0.9349208683238774, AUC Macro OVO: 0.9230047304200221, AP Macro: 0.6225743219935848
AUC Macro OVR: 0.9353387237733013, AUC Macro OVO: 0.9271555182028713, AP Macro: 0.6262255524940861
AUC Macro OVR: 0.933561321282247, AUC Macro OVO: 0.9218360365117422, AP Macro: 0.6217277351069364
AUC Macro OVR: 0.9341939452709332, AUC Macro OVO: 0.9248795791721466, AP Macro: 0.6255962051913901
AUC Macro OVR: 0.9343882914521902, AUC Macro OVO: 0.9255401230551514, AP Macro: 0.6273007684456211
AUC Macro OVR: 0.9342661350460776, AUC Macro OVO: 0.9217638718125044, AP Macro: 0.6219014376277872
AUC Macro OVR: 0.9344078629550758, AUC Macro OVO: 0.923987751351647, AP Macro: 0.6259670276122008
AUC Macro OVR: 0.9339108461318011, AUC Macro OVO: 0.9249420032029503, AP Macro: 0.627103891858716
AUC Macro OVR: 0.9346419344275563, AUC Macro OVO: 0.9259670614214173, AP Macro: 0.6265040196463942
AUC Macro OVR: 0.9350180949098611, AUC Macro OVO: 0.9247010915796163, AP Macro: 0.6262077258110255
AUC Macro OVR: 0.9346901906479756, AUC Macro OVO: 0.9246820677060379, AP Macro: 0.6250730264407316
AUC Macro OVR: 0.9345095674736501, AUC Macro OVO: 0.9254368932589871, AP Macro: 0.6250180433423209
AUC Macro OVR: 0.9349352427787564, AUC Macro OVO: 0.9250704651182602, AP Macro: 0.6237845587101604
AUC Macro OVR: 0.9343125675798425, AUC Macro OVO: 0.924740670695062, AP Macro: 0.6257445031224652
AUC Macro OVR: 0.931885706951535, AUC Macro OVO: 0.9247691830120327, AP Macro: 0.6246612606046955
AUC Macro OVR: 0.934382559757293, AUC Macro OVO: 0.9234734343650887, AP Macro: 0.6246460035974035
AUC Macro OVR: 0.9334325430835899, AUC Macro OVO: 0.9279010645396862, AP Macro: 0.6269786576593064
AUC Macro OVR: 0.9352542996536144, AUC Macro OVO: 0.9264466889369214, AP Macro: 0.6283835921250305
AUC Macro OVR: 0.9343054999195304, AUC Macro OVO: 0.9259867051391476, AP Macro: 0.6275046036864296
AUC Macro OVR: 0.9341283964326121, AUC Macro OVO: 0.9242078629207474, AP Macro: 0.6242835627045675
AUC Macro OVR: 0.9347786689748774, AUC Macro OVO: 0.9256710255708683, AP Macro: 0.6300632376323096
AUC Macro OVR: 0.9340135189357597, AUC Macro OVO: 0.9247074466220944, AP Macro: 0.625403683969449
AUC Macro OVR: 0.934295865174978, AUC Macro OVO: 0.9256982710850827, AP Macro: 0.6274993651024904
AUC Macro OVR: 0.9341790167806937, AUC Macro OVO: 0.9252945969147374, AP Macro: 0.6237336247060451
AUC Macro OVR: 0.93459858909203, AUC Macro OVO: 0.9263116126858971, AP Macro: 0.6276919117738953
AUC Macro OVR: 0.9344378320704702, AUC Macro OVO: 0.9243872457726541, AP Macro: 0.6257785664414885
AUC Macro OVR: 0.9347666954435354, AUC Macro OVO: 0.9258589522514523, AP Macro: 0.625180394517034
AUC Macro OVR: 0.9345341864806903, AUC Macro OVO: 0.9249578617865806, AP Macro: 0.6220542262493678
AUC Macro OVR: 0.9361592964682613, AUC Macro OVO: 0.9256334517303159, AP Macro: 0.6301197953456706
AUC Macro OVR: 0.9338157402166247, AUC Macro OVO: 0.9236539317622441, AP Macro: 0.6229712226758178
AUC Macro OVR: 0.9343643516321563, AUC Macro OVO: 0.9242083641901014, AP Macro: 0.6266147543560635
AUC Macro OVR: 0.9348199373168857, AUC Macro OVO: 0.9268714588251825, AP Macro: 0.632032818387977
AUC Macro OVR: 0.9340226137079745, AUC Macro OVO: 0.9261714979862086, AP Macro: 0.6249097339693799
AUC Macro OVR: 0.935388514485266, AUC Macro OVO: 0.9261141444069055, AP Macro: 0.6274992450165013
AUC Macro OVR: 0.9334376895945272, AUC Macro OVO: 0.9259155904120746, AP Macro: 0.6264174905921721
AUC Macro OVR: 0.9343031729647073, AUC Macro OVO: 0.9251105608257412, AP Macro: 0.6240246161359315
AUC Macro OVR: 0.9351592994341082, AUC Macro OVO: 0.9251679070324668, AP Macro: 0.6288272171845068
AUC Macro OVR: 0.9345819896155763, AUC Macro OVO: 0.9244404980117181, AP Macro: 0.6285181268737481
AUC Macro OVR: 0.9344658598020085, AUC Macro OVO: 0.9253825598325018, AP Macro: 0.6272030263779216
AUC Macro OVR: 0.9357544383741574, AUC Macro OVO: 0.9251419745562725, AP Macro: 0.6246419891007972
AUC Macro OVR: 0.9335572355877212, AUC Macro OVO: 0.9256904569156568, AP Macro: 0.6262511081251149
AUC Macro OVR: 0.934288952014978, AUC Macro OVO: 0.9257709194028072, AP Macro: 0.6261660391675338
AUC Macro OVR: 0.9328091676257722, AUC Macro OVO: 0.9244353751149044, AP Macro: 0.6229586833608457
AUC Macro OVR: 0.9342960609879482, AUC Macro OVO: 0.9246811335407957, AP Macro: 0.625994347774546
AUC Macro OVR: 0.9344278408581687, AUC Macro OVO: 0.9257271027737944, AP Macro: 0.6260986519968255
AUC Macro OVR: 0.9349980086647255, AUC Macro OVO: 0.9252454015571105, AP Macro: 0.6245809195734979
AUC Macro OVR: 0.9349054966983679, AUC Macro OVO: 0.9250161710495401, AP Macro: 0.6267791722949269
AUC Macro OVR: 0.9340161271141514, AUC Macro OVO: 0.9256600678098532, AP Macro: 0.6242983532576225
AUC Macro OVR: 0.933089350366385, AUC Macro OVO: 0.9232738035124929, AP Macro: 0.6242284752358156
Early stoppage...
AUC Macro OVR: 0.9259109986109256, AUC Macro OVO: 0.9131127812261675, AP Macro: 0.5684296561413887
Test Loss: 1.1284340094436298, Test Accuracy: 0.6480303030303031
Finished!
