Selected Model Type: DenseNet
AUC Macro OVR: 0.701615122276367, AUC Macro OVO: 0.6645726712471579, AP Macro: 0.2139659267162761
Best validation loss detected at epoch 1! Validation Loss: 1.8817361983385954, Validation Accuracy: 0.5396969696969697. Saving model..
AUC Macro OVR: 0.7579324414867165, AUC Macro OVO: 0.6079127801871901, AP Macro: 0.20975445025920766
AUC Macro OVR: 0.7455748555228754, AUC Macro OVO: 0.7195906024567166, AP Macro: 0.22594366018372145
Best validation loss detected at epoch 3! Validation Loss: 1.8243805690245194, Validation Accuracy: 0.5295454545454545. Saving model..
AUC Macro OVR: 0.7840743000251417, AUC Macro OVO: 0.7141079543864854, AP Macro: 0.22398973710207076
Best validation loss detected at epoch 4! Validation Loss: 1.8168854875998064, Validation Accuracy: 0.5140530303030303. Saving model..
AUC Macro OVR: 0.8035144788681379, AUC Macro OVO: 0.7698768458581473, AP Macro: 0.24823889850619996
Best validation loss detected at epoch 5! Validation Loss: 1.6600522929971868, Validation Accuracy: 0.3475757575757576. Saving model..
AUC Macro OVR: 0.8326798542206079, AUC Macro OVO: 0.768762431181451, AP Macro: 0.2895838765846239
AUC Macro OVR: 0.7982348388876692, AUC Macro OVO: 0.7752598832362569, AP Macro: 0.2532002963140988
Best validation loss detected at epoch 7! Validation Loss: 1.6510743964802135, Validation Accuracy: 0.4083333333333333. Saving model..
AUC Macro OVR: 0.8433450146226336, AUC Macro OVO: 0.8094465102039441, AP Macro: 0.29190438546840447
Best validation loss detected at epoch 8! Validation Loss: 1.5263868256048723, Validation Accuracy: 0.5415530303030303. Saving model..
AUC Macro OVR: 0.7669278127447585, AUC Macro OVO: 0.700142577211715, AP Macro: 0.24546625096833766
AUC Macro OVR: 0.856366770661949, AUC Macro OVO: 0.8089241792127257, AP Macro: 0.3436669294072504
AUC Macro OVR: 0.841383574497764, AUC Macro OVO: 0.805634802512051, AP Macro: 0.31298325700176555
AUC Macro OVR: 0.8826117386277579, AUC Macro OVO: 0.829805966673768, AP Macro: 0.3873137274117615
Best validation loss detected at epoch 12! Validation Loss: 1.428987455368042, Validation Accuracy: 0.573409090909091. Saving model..
AUC Macro OVR: 0.8344183645592349, AUC Macro OVO: 0.8055995477529775, AP Macro: 0.3006321294701951
AUC Macro OVR: 0.8375280272172763, AUC Macro OVO: 0.8263431602791511, AP Macro: 0.3488419295984432
AUC Macro OVR: 0.8680502507039292, AUC Macro OVO: 0.8491129720425404, AP Macro: 0.3825792747805685
Best validation loss detected at epoch 15! Validation Loss: 1.374805241281336, Validation Accuracy: 0.5363636363636364. Saving model..
AUC Macro OVR: 0.8974944722817835, AUC Macro OVO: 0.8594039306292365, AP Macro: 0.41793092457341074
Best validation loss detected at epoch 16! Validation Loss: 1.354418648372997, Validation Accuracy: 0.6067424242424242. Saving model..
AUC Macro OVR: 0.8768102100041069, AUC Macro OVO: 0.8622126654982918, AP Macro: 0.3864067028752312
Best validation loss detected at epoch 17! Validation Loss: 1.3436017209833317, Validation Accuracy: 0.5522727272727272. Saving model..
AUC Macro OVR: 0.8938728290224618, AUC Macro OVO: 0.8421426371415249, AP Macro: 0.38196434240750066
AUC Macro OVR: 0.8984450766294992, AUC Macro OVO: 0.8709034633872079, AP Macro: 0.40016077446209486
Best validation loss detected at epoch 19! Validation Loss: 1.2606809290972623, Validation Accuracy: 0.5653409090909091. Saving model..
AUC Macro OVR: 0.8936027881925348, AUC Macro OVO: 0.8651909848897393, AP Macro: 0.40946036405042696
AUC Macro OVR: 0.8927828588701506, AUC Macro OVO: 0.8650825038299906, AP Macro: 0.40519272822463015
AUC Macro OVR: 0.9002922068585874, AUC Macro OVO: 0.8772196600992174, AP Macro: 0.4179283255192729
Best validation loss detected at epoch 22! Validation Loss: 1.2516225533051923, Validation Accuracy: 0.5438257575757576. Saving model..
AUC Macro OVR: 0.905971343121639, AUC Macro OVO: 0.8839169864281649, AP Macro: 0.43249573219974713
Best validation loss detected at epoch 23! Validation Loss: 1.2190184235572814, Validation Accuracy: 0.6113636363636363. Saving model..
AUC Macro OVR: 0.9049869358571629, AUC Macro OVO: 0.8775062531824661, AP Macro: 0.4552760542221103
Best validation loss detected at epoch 24! Validation Loss: 1.2181145613843745, Validation Accuracy: 0.6126515151515152. Saving model..
AUC Macro OVR: 0.8966992990436314, AUC Macro OVO: 0.8794490164469868, AP Macro: 0.430993167257378
AUC Macro OVR: 0.9130847305791971, AUC Macro OVO: 0.8820307374500949, AP Macro: 0.45521993570901587
AUC Macro OVR: 0.9201606198861152, AUC Macro OVO: 0.8893581619401886, AP Macro: 0.4909291945660783
Best validation loss detected at epoch 27! Validation Loss: 1.1759726551446048, Validation Accuracy: 0.6267803030303031. Saving model..
AUC Macro OVR: 0.911151533517558, AUC Macro OVO: 0.8880533512187307, AP Macro: 0.47583005055732375
AUC Macro OVR: 0.8940981332586007, AUC Macro OVO: 0.8888991053563563, AP Macro: 0.4493793612073758
Best validation loss detected at epoch 29! Validation Loss: 1.1747554968703877, Validation Accuracy: 0.5671212121212121. Saving model..
AUC Macro OVR: 0.9129377375178553, AUC Macro OVO: 0.8919628958555698, AP Macro: 0.4561765855628409
AUC Macro OVR: 0.9228621895213823, AUC Macro OVO: 0.8940056117235039, AP Macro: 0.49061551805608417
Best validation loss detected at epoch 31! Validation Loss: 1.1649433504451405, Validation Accuracy: 0.6063636363636364. Saving model..
AUC Macro OVR: 0.9189231247156513, AUC Macro OVO: 0.8997322286901525, AP Macro: 0.48755728882684424
Best validation loss detected at epoch 32! Validation Loss: 1.1268840052864768, Validation Accuracy: 0.6403787878787879. Saving model..
AUC Macro OVR: 0.9110179189784673, AUC Macro OVO: 0.8989264602114958, AP Macro: 0.4656682459372564
AUC Macro OVR: 0.9128082586618452, AUC Macro OVO: 0.8924539147157222, AP Macro: 0.47233553484890073
AUC Macro OVR: 0.9202141145565612, AUC Macro OVO: 0.9005238147148279, AP Macro: 0.4962985966837711
AUC Macro OVR: 0.9103250630585331, AUC Macro OVO: 0.8897114028644033, AP Macro: 0.4774650556846637
AUC Macro OVR: 0.912553178122872, AUC Macro OVO: 0.8835193058537364, AP Macro: 0.468124177326656
AUC Macro OVR: 0.9205592222403295, AUC Macro OVO: 0.8983369184762016, AP Macro: 0.5234834063384702
AUC Macro OVR: 0.9235687243810176, AUC Macro OVO: 0.9140030899351296, AP Macro: 0.5152841774493602
Best validation loss detected at epoch 39! Validation Loss: 1.0443271680311723, Validation Accuracy: 0.6377272727272728. Saving model..
AUC Macro OVR: 0.9217022793289895, AUC Macro OVO: 0.910110413744608, AP Macro: 0.4899051474400105
AUC Macro OVR: 0.931535292599438, AUC Macro OVO: 0.9191597490043938, AP Macro: 0.5677304824300202
Best validation loss detected at epoch 41! Validation Loss: 1.0148744409734554, Validation Accuracy: 0.6863636363636364. Saving model..
AUC Macro OVR: 0.9276170412747125, AUC Macro OVO: 0.9205062725448715, AP Macro: 0.5373480758327958
AUC Macro OVR: 0.9219454850530162, AUC Macro OVO: 0.9059936251626822, AP Macro: 0.5324414655288594
AUC Macro OVR: 0.927842090775867, AUC Macro OVO: 0.918714847736733, AP Macro: 0.5466037935718512
AUC Macro OVR: 0.9303247006578222, AUC Macro OVO: 0.9144851886270633, AP Macro: 0.5508966304227235
AUC Macro OVR: 0.9272114580536703, AUC Macro OVO: 0.9095058001245077, AP Macro: 0.5418642937963702
AUC Macro OVR: 0.9318806573658867, AUC Macro OVO: 0.9186225177583671, AP Macro: 0.5760043160328228
AUC Macro OVR: 0.9374322802495456, AUC Macro OVO: 0.9207170851965154, AP Macro: 0.5928451167229973
AUC Macro OVR: 0.9238897197365833, AUC Macro OVO: 0.917071444465221, AP Macro: 0.5266248828935225
AUC Macro OVR: 0.9316043748808893, AUC Macro OVO: 0.9219147118950636, AP Macro: 0.5579191569923072
AUC Macro OVR: 0.9197653147105791, AUC Macro OVO: 0.9223264833990915, AP Macro: 0.5310439137288039
AUC Macro OVR: 0.933653428764358, AUC Macro OVO: 0.9269645871349109, AP Macro: 0.5785814830001509
AUC Macro OVR: 0.941936744586241, AUC Macro OVO: 0.9359098398978105, AP Macro: 0.6130613551572294
Best validation loss detected at epoch 53! Validation Loss: 0.9088275329633193, Validation Accuracy: 0.6547348484848484. Saving model..
AUC Macro OVR: 0.9411342173900034, AUC Macro OVO: 0.9401709506191956, AP Macro: 0.6169651798633926
Best validation loss detected at epoch 54! Validation Loss: 0.8664116826924411, Validation Accuracy: 0.6751515151515152. Saving model..
AUC Macro OVR: 0.9412828032752573, AUC Macro OVO: 0.9414809579781765, AP Macro: 0.6172425025093817
Best validation loss detected at epoch 55! Validation Loss: 0.861033707857132, Validation Accuracy: 0.6762878787878788. Saving model..
AUC Macro OVR: 0.9417355530942546, AUC Macro OVO: 0.9394107463510883, AP Macro: 0.6199012833917052
AUC Macro OVR: 0.9430932669300076, AUC Macro OVO: 0.9394758656430702, AP Macro: 0.6235565300091724
AUC Macro OVR: 0.9433295039444746, AUC Macro OVO: 0.9369068428540513, AP Macro: 0.6232793375067087
AUC Macro OVR: 0.9409996248725243, AUC Macro OVO: 0.9389559740832675, AP Macro: 0.6142602316955363
AUC Macro OVR: 0.9431427314535898, AUC Macro OVO: 0.9388594710358752, AP Macro: 0.6238498635342027
AUC Macro OVR: 0.9426531558764175, AUC Macro OVO: 0.9369100796423119, AP Macro: 0.6246794173759056
AUC Macro OVR: 0.9426795857050523, AUC Macro OVO: 0.9411288899659553, AP Macro: 0.6288104982246788
Best validation loss detected at epoch 62! Validation Loss: 0.858542537689209, Validation Accuracy: 0.6922348484848484. Saving model..
AUC Macro OVR: 0.9419212686236818, AUC Macro OVO: 0.940448104176131, AP Macro: 0.6280545037025531
AUC Macro OVR: 0.9418384452151076, AUC Macro OVO: 0.9384694883244956, AP Macro: 0.6172859307514103
AUC Macro OVR: 0.941146779319, AUC Macro OVO: 0.9389530595019915, AP Macro: 0.6221114313452979
AUC Macro OVR: 0.941359064542301, AUC Macro OVO: 0.9366178409089576, AP Macro: 0.61447301828744
AUC Macro OVR: 0.9410739899296982, AUC Macro OVO: 0.937082239296152, AP Macro: 0.6190726731122912
AUC Macro OVR: 0.9400871772528712, AUC Macro OVO: 0.9370723539737656, AP Macro: 0.6143434402667711
AUC Macro OVR: 0.9407303409636174, AUC Macro OVO: 0.9395761115394278, AP Macro: 0.6262161248165722
AUC Macro OVR: 0.9396413326644902, AUC Macro OVO: 0.939304655961239, AP Macro: 0.6239395512688642
AUC Macro OVR: 0.9409146736309716, AUC Macro OVO: 0.9385724187501615, AP Macro: 0.6257051792294701
AUC Macro OVR: 0.9400363397363776, AUC Macro OVO: 0.9376916429930667, AP Macro: 0.6194960287265772
AUC Macro OVR: 0.9387539956835131, AUC Macro OVO: 0.9365630827250164, AP Macro: 0.6088937523242564
AUC Macro OVR: 0.9399551665566943, AUC Macro OVO: 0.9374076095746725, AP Macro: 0.6205886792981756
AUC Macro OVR: 0.9393996983810823, AUC Macro OVO: 0.9370577827019057, AP Macro: 0.6133167783142366
AUC Macro OVR: 0.9379373675781736, AUC Macro OVO: 0.9370699263806529, AP Macro: 0.6130213829003393
AUC Macro OVR: 0.940015015382297, AUC Macro OVO: 0.936612166641341, AP Macro: 0.6186885012963321
AUC Macro OVR: 0.9411687027524727, AUC Macro OVO: 0.9366013763307816, AP Macro: 0.6268632526354073
AUC Macro OVR: 0.9394716818434246, AUC Macro OVO: 0.9385275600077819, AP Macro: 0.6244134342535335
AUC Macro OVR: 0.9400319265933617, AUC Macro OVO: 0.9368143117742049, AP Macro: 0.6235229013914779
AUC Macro OVR: 0.940148599314905, AUC Macro OVO: 0.9384129112847373, AP Macro: 0.6252157807558817
AUC Macro OVR: 0.9410953820725835, AUC Macro OVO: 0.9390559054955724, AP Macro: 0.6258486300490205
AUC Macro OVR: 0.9421901563081225, AUC Macro OVO: 0.938344862089784, AP Macro: 0.6280431644553348
AUC Macro OVR: 0.9399079281824011, AUC Macro OVO: 0.9387516288877195, AP Macro: 0.622824229184616
AUC Macro OVR: 0.941682769629394, AUC Macro OVO: 0.9385306295024051, AP Macro: 0.6307177119884557
AUC Macro OVR: 0.9405880712470945, AUC Macro OVO: 0.9382903353904002, AP Macro: 0.6270031177935168
AUC Macro OVR: 0.9408154223436281, AUC Macro OVO: 0.9382156930455574, AP Macro: 0.6251261833907833
AUC Macro OVR: 0.9419738369272403, AUC Macro OVO: 0.9387453763907766, AP Macro: 0.6349741622332417
AUC Macro OVR: 0.9403319578319291, AUC Macro OVO: 0.937763132652342, AP Macro: 0.6210264051623253
AUC Macro OVR: 0.9408903040844458, AUC Macro OVO: 0.9390839010973543, AP Macro: 0.6266356105095847
AUC Macro OVR: 0.9410955309873416, AUC Macro OVO: 0.9379509043471007, AP Macro: 0.6276067297677177
AUC Macro OVR: 0.9409332271285671, AUC Macro OVO: 0.9379851680309361, AP Macro: 0.624388017375185
AUC Macro OVR: 0.9425077349928437, AUC Macro OVO: 0.938070675951967, AP Macro: 0.6260498742373994
AUC Macro OVR: 0.9412364045049633, AUC Macro OVO: 0.9370789376375243, AP Macro: 0.6208700457997609
AUC Macro OVR: 0.94101298290611, AUC Macro OVO: 0.9390234089307066, AP Macro: 0.62922628535165
AUC Macro OVR: 0.9405695904397184, AUC Macro OVO: 0.9386820302767236, AP Macro: 0.6257328799791646
AUC Macro OVR: 0.9399181949040738, AUC Macro OVO: 0.938095007060706, AP Macro: 0.6200739087231151
AUC Macro OVR: 0.9399184706337083, AUC Macro OVO: 0.938545040953311, AP Macro: 0.6195214022742344
AUC Macro OVR: 0.941852748648841, AUC Macro OVO: 0.9393600936039691, AP Macro: 0.6310448211938585
AUC Macro OVR: 0.9400371085725057, AUC Macro OVO: 0.9378675175568326, AP Macro: 0.6261451052439881
AUC Macro OVR: 0.9412118661264908, AUC Macro OVO: 0.9383158104459625, AP Macro: 0.6290133723895917
AUC Macro OVR: 0.9414991973660337, AUC Macro OVO: 0.9375868710462031, AP Macro: 0.624238679148772
AUC Macro OVR: 0.9408528312495908, AUC Macro OVO: 0.9389476448276568, AP Macro: 0.6284963511506174
AUC Macro OVR: 0.9410128224021703, AUC Macro OVO: 0.9381228684485512, AP Macro: 0.6273282362105188
AUC Macro OVR: 0.9408712429004291, AUC Macro OVO: 0.9386003798015545, AP Macro: 0.6250798361164323
AUC Macro OVR: 0.941260726937281, AUC Macro OVO: 0.9384971612976004, AP Macro: 0.6280323124712204
AUC Macro OVR: 0.9413170252867167, AUC Macro OVO: 0.9381401983627308, AP Macro: 0.6298904399230798
AUC Macro OVR: 0.9398867202338521, AUC Macro OVO: 0.9394854960789333, AP Macro: 0.6256640300072656
AUC Macro OVR: 0.9408816266670761, AUC Macro OVO: 0.9372972508844349, AP Macro: 0.6227300327167654
AUC Macro OVR: 0.9411305283562923, AUC Macro OVO: 0.9372675996678235, AP Macro: 0.6254632512027021
AUC Macro OVR: 0.9422857806417715, AUC Macro OVO: 0.9381864854181028, AP Macro: 0.6311504836544514
AUC Macro OVR: 0.9405843487111605, AUC Macro OVO: 0.9387922178835489, AP Macro: 0.6259084319372015
AUC Macro OVR: 0.9418233683058478, AUC Macro OVO: 0.9379691346046629, AP Macro: 0.6295107161485665
AUC Macro OVR: 0.9407971110204587, AUC Macro OVO: 0.9381100110517748, AP Macro: 0.6255828156317061
AUC Macro OVR: 0.9410155834806835, AUC Macro OVO: 0.937418305667492, AP Macro: 0.6262636952468812
AUC Macro OVR: 0.9396004616734427, AUC Macro OVO: 0.9382202580300497, AP Macro: 0.6200610335738201
AUC Macro OVR: 0.9410339708566555, AUC Macro OVO: 0.937669401123749, AP Macro: 0.6253603625223183
AUC Macro OVR: 0.941179200949172, AUC Macro OVO: 0.9386374755775891, AP Macro: 0.6276374403791769
AUC Macro OVR: 0.9397649531957804, AUC Macro OVO: 0.9385716775328206, AP Macro: 0.6241151752613725
AUC Macro OVR: 0.9417552456541671, AUC Macro OVO: 0.9396715151715372, AP Macro: 0.633157199200516
AUC Macro OVR: 0.9421655105043527, AUC Macro OVO: 0.9389815936585194, AP Macro: 0.6335238184427876
AUC Macro OVR: 0.9405774877901312, AUC Macro OVO: 0.9386418875903226, AP Macro: 0.6270691725546059
AUC Macro OVR: 0.9401634600398174, AUC Macro OVO: 0.9374718737536375, AP Macro: 0.6223424008669847
AUC Macro OVR: 0.940508890981874, AUC Macro OVO: 0.9381812041990607, AP Macro: 0.6266607039489387
AUC Macro OVR: 0.9413302842879183, AUC Macro OVO: 0.9381298000601304, AP Macro: 0.6290750756364316
AUC Macro OVR: 0.940824292987251, AUC Macro OVO: 0.9391497463310493, AP Macro: 0.6246496706575596
AUC Macro OVR: 0.9410959893128871, AUC Macro OVO: 0.93839564746006, AP Macro: 0.6254905492709825
AUC Macro OVR: 0.9410665268041563, AUC Macro OVO: 0.9389196511144016, AP Macro: 0.6275047262177484
AUC Macro OVR: 0.9407617996414295, AUC Macro OVO: 0.9386330067868337, AP Macro: 0.6239554242027767
AUC Macro OVR: 0.940892693499072, AUC Macro OVO: 0.9378815572434752, AP Macro: 0.6275808195858943
AUC Macro OVR: 0.9428042043541836, AUC Macro OVO: 0.9381883940143524, AP Macro: 0.6313319900445786
AUC Macro OVR: 0.9415465050331139, AUC Macro OVO: 0.9386920044356092, AP Macro: 0.6263003220094709
AUC Macro OVR: 0.9419976211702852, AUC Macro OVO: 0.9382066217789496, AP Macro: 0.6282109590885037
AUC Macro OVR: 0.9414416266864839, AUC Macro OVO: 0.938285945276178, AP Macro: 0.6272102863627993
AUC Macro OVR: 0.9415863247410127, AUC Macro OVO: 0.9395089868114159, AP Macro: 0.6325959613087595
AUC Macro OVR: 0.9405332242471214, AUC Macro OVO: 0.9382621613700314, AP Macro: 0.6223382042474517
AUC Macro OVR: 0.9403021106519964, AUC Macro OVO: 0.9384864322879461, AP Macro: 0.6247458293933872
AUC Macro OVR: 0.9420474251318185, AUC Macro OVO: 0.9380028639587827, AP Macro: 0.6291573065374199
AUC Macro OVR: 0.9421446965990858, AUC Macro OVO: 0.9387894577925077, AP Macro: 0.6341976694252605
AUC Macro OVR: 0.9414844716530386, AUC Macro OVO: 0.9391021663344263, AP Macro: 0.632327865887818
AUC Macro OVR: 0.9412380615303624, AUC Macro OVO: 0.9377278448837665, AP Macro: 0.625428256692147
AUC Macro OVR: 0.9424807234621452, AUC Macro OVO: 0.9379728739712302, AP Macro: 0.6319732056336926
AUC Macro OVR: 0.9411755520934398, AUC Macro OVO: 0.9383408667771108, AP Macro: 0.624746438819491
AUC Macro OVR: 0.942069807802727, AUC Macro OVO: 0.9386618731223593, AP Macro: 0.6301719874197081
AUC Macro OVR: 0.941211457527299, AUC Macro OVO: 0.9395182197924405, AP Macro: 0.631637575818023
AUC Macro OVR: 0.942580183382943, AUC Macro OVO: 0.9372115737500101, AP Macro: 0.6307879289866019
AUC Macro OVR: 0.9407234481620477, AUC Macro OVO: 0.9375067196019168, AP Macro: 0.6256430449740125
AUC Macro OVR: 0.9419131189930032, AUC Macro OVO: 0.9384335026667785, AP Macro: 0.6266244799167477
AUC Macro OVR: 0.942092176619231, AUC Macro OVO: 0.9388081462053259, AP Macro: 0.6297201267215191
AUC Macro OVR: 0.9427859058452529, AUC Macro OVO: 0.9385392013886392, AP Macro: 0.634692993738392
AUC Macro OVR: 0.9414049568841838, AUC Macro OVO: 0.9380607209719397, AP Macro: 0.6266230596100992
AUC Macro OVR: 0.9412703432712304, AUC Macro OVO: 0.9382735144760607, AP Macro: 0.6279147512211494
AUC Macro OVR: 0.9410395594514014, AUC Macro OVO: 0.9380603733103705, AP Macro: 0.6273734834743896
AUC Macro OVR: 0.9407563292116975, AUC Macro OVO: 0.9372571880311353, AP Macro: 0.6231716509230851
AUC Macro OVR: 0.9412435201168112, AUC Macro OVO: 0.9381570853635591, AP Macro: 0.6325703290509959
AUC Macro OVR: 0.9417528162012073, AUC Macro OVO: 0.9382425007728238, AP Macro: 0.6259357357946398
AUC Macro OVR: 0.942198858996367, AUC Macro OVO: 0.9379897814418825, AP Macro: 0.6292381397475837
AUC Macro OVR: 0.9413383995887651, AUC Macro OVO: 0.9381150883375848, AP Macro: 0.6285940141865862
AUC Macro OVR: 0.9399494734709297, AUC Macro OVO: 0.9379998693516035, AP Macro: 0.6243588333943865
AUC Macro OVR: 0.941474117195502, AUC Macro OVO: 0.9368010350834871, AP Macro: 0.6258695424405467
AUC Macro OVR: 0.9420305156508131, AUC Macro OVO: 0.9366283246258116, AP Macro: 0.6271656577210989
AUC Macro OVR: 0.9403058741947663, AUC Macro OVO: 0.9359260036288396, AP Macro: 0.6223097201277581
AUC Macro OVR: 0.9414347784558792, AUC Macro OVO: 0.9385272082460752, AP Macro: 0.6305627141497661
AUC Macro OVR: 0.9400520337152831, AUC Macro OVO: 0.9386675996307122, AP Macro: 0.6250533367280295
AUC Macro OVR: 0.9401182272138924, AUC Macro OVO: 0.9394109424238851, AP Macro: 0.6284136139923949
AUC Macro OVR: 0.9407617174249262, AUC Macro OVO: 0.9386548809654229, AP Macro: 0.621705662276181
AUC Macro OVR: 0.9416548074244242, AUC Macro OVO: 0.9382158948317206, AP Macro: 0.6282768384708708
AUC Macro OVR: 0.941316010208874, AUC Macro OVO: 0.9383261819351901, AP Macro: 0.628101079770708
AUC Macro OVR: 0.9410041876145661, AUC Macro OVO: 0.9366017683027864, AP Macro: 0.6262466244817486
AUC Macro OVR: 0.9405845494860581, AUC Macro OVO: 0.9367149804430417, AP Macro: 0.6240178806434167
AUC Macro OVR: 0.9409933280441094, AUC Macro OVO: 0.9384578729386552, AP Macro: 0.6271367020480307
AUC Macro OVR: 0.9404344803608023, AUC Macro OVO: 0.9380758718187476, AP Macro: 0.6212905895844827
AUC Macro OVR: 0.9420512518702312, AUC Macro OVO: 0.9380042750528881, AP Macro: 0.6283913096564926
AUC Macro OVR: 0.9409092163256149, AUC Macro OVO: 0.9399393004171092, AP Macro: 0.6322671342656149
AUC Macro OVR: 0.9411705035263046, AUC Macro OVO: 0.9375803030693707, AP Macro: 0.6252068728451878
AUC Macro OVR: 0.9406152667056464, AUC Macro OVO: 0.9368798772356434, AP Macro: 0.6251670661506898
AUC Macro OVR: 0.940686879324875, AUC Macro OVO: 0.9380835792309771, AP Macro: 0.6261042565953097
AUC Macro OVR: 0.9405272353125133, AUC Macro OVO: 0.9380677837912706, AP Macro: 0.6269282382675867
AUC Macro OVR: 0.9416070839959437, AUC Macro OVO: 0.9391620402876845, AP Macro: 0.6321223063135484
AUC Macro OVR: 0.9405861393720616, AUC Macro OVO: 0.9389716097480686, AP Macro: 0.6257938189740526
AUC Macro OVR: 0.9410624988650489, AUC Macro OVO: 0.9370270763570699, AP Macro: 0.6253067309613214
AUC Macro OVR: 0.9412069593270385, AUC Macro OVO: 0.9379624710607494, AP Macro: 0.6297928627721733
AUC Macro OVR: 0.9414408575892891, AUC Macro OVO: 0.9386407108720741, AP Macro: 0.6304841188554678
AUC Macro OVR: 0.9396718042609691, AUC Macro OVO: 0.9381964668793286, AP Macro: 0.6231080891490436
AUC Macro OVR: 0.941134005706824, AUC Macro OVO: 0.9374781807111768, AP Macro: 0.6232597626688061
AUC Macro OVR: 0.942331540753353, AUC Macro OVO: 0.9384658273941815, AP Macro: 0.630411430140221
AUC Macro OVR: 0.9414028061448748, AUC Macro OVO: 0.9368394967664507, AP Macro: 0.6240771543906659
AUC Macro OVR: 0.9415244953667989, AUC Macro OVO: 0.9381261682981143, AP Macro: 0.6272260502379257
AUC Macro OVR: 0.9397056202501877, AUC Macro OVO: 0.9374742180613802, AP Macro: 0.6226409918339225
AUC Macro OVR: 0.941237282303506, AUC Macro OVO: 0.9400381552685265, AP Macro: 0.6290103885932734
AUC Macro OVR: 0.9419791982278557, AUC Macro OVO: 0.9386676940930307, AP Macro: 0.6293996620988458
AUC Macro OVR: 0.9418752608923339, AUC Macro OVO: 0.9370369422332319, AP Macro: 0.6238579821597157
AUC Macro OVR: 0.9412643984313283, AUC Macro OVO: 0.9387197336645905, AP Macro: 0.626370617256164
AUC Macro OVR: 0.9421290035254486, AUC Macro OVO: 0.9364674572004014, AP Macro: 0.6305958797547825
AUC Macro OVR: 0.9412145354803636, AUC Macro OVO: 0.93801667585616, AP Macro: 0.627535975064792
AUC Macro OVR: 0.9417703058646223, AUC Macro OVO: 0.937738079345317, AP Macro: 0.6313112237536573
AUC Macro OVR: 0.9408998385738591, AUC Macro OVO: 0.9385440630094869, AP Macro: 0.6211392945198677
AUC Macro OVR: 0.9407894997243706, AUC Macro OVO: 0.9382203880121457, AP Macro: 0.6269354795976461
AUC Macro OVR: 0.9403765462945697, AUC Macro OVO: 0.9376598253464906, AP Macro: 0.6238893643238381
AUC Macro OVR: 0.9420918826342006, AUC Macro OVO: 0.9389650369729885, AP Macro: 0.6316471714471187
AUC Macro OVR: 0.9301184636182411, AUC Macro OVO: 0.9206968911221092, AP Macro: 0.5583414805339436
Test Loss: 1.0268118473616514, Test Accuracy: 0.6665909090909091
Finished!
