Selected Model Type: EfficientNet
AUC Macro OVR: 0.7244860657171321, AUC Macro OVO: 0.6633022064335934, AP Macro: 0.19643051674268122
Best validation loss detected at epoch 1! Validation Loss: 3.2861034696752376, Validation Accuracy: 0.04776515151515151. Saving model..
AUC Macro OVR: 0.6969318921518253, AUC Macro OVO: 0.6205612787767176, AP Macro: 0.19414237555612857
AUC Macro OVR: 0.7226767366659479, AUC Macro OVO: 0.7476021280064725, AP Macro: 0.2695138644824462
Best validation loss detected at epoch 3! Validation Loss: 1.8541685862974686, Validation Accuracy: 0.32359848484848486. Saving model..
AUC Macro OVR: 0.8269897748262618, AUC Macro OVO: 0.7960875013111862, AP Macro: 0.3023864219377709
AUC Macro OVR: 0.8024212808955854, AUC Macro OVO: 0.7693796684214705, AP Macro: 0.3262820694084685
AUC Macro OVR: 0.7804949527459141, AUC Macro OVO: 0.7716148412050116, AP Macro: 0.252452184516603
Best validation loss detected at epoch 6! Validation Loss: 1.8066674384203825, Validation Accuracy: 0.11946969696969698. Saving model..
AUC Macro OVR: 0.8066246719762751, AUC Macro OVO: 0.7988532175816668, AP Macro: 0.312425562386226
AUC Macro OVR: 0.8968711198840216, AUC Macro OVO: 0.848857579033373, AP Macro: 0.4235698765039916
Best validation loss detected at epoch 8! Validation Loss: 1.3290582537651061, Validation Accuracy: 0.5437121212121212. Saving model..
AUC Macro OVR: 0.9083100587805659, AUC Macro OVO: 0.8538950264642083, AP Macro: 0.4788078470645702
AUC Macro OVR: 0.8615573396306678, AUC Macro OVO: 0.8237227302682262, AP Macro: 0.3908723455227221
AUC Macro OVR: 0.8786170704277174, AUC Macro OVO: 0.8607666885889199, AP Macro: 0.4513953327557705
AUC Macro OVR: 0.9044389946758098, AUC Macro OVO: 0.894562587669286, AP Macro: 0.5340331716995395
Best validation loss detected at epoch 12! Validation Loss: 1.134697477384047, Validation Accuracy: 0.5809090909090909. Saving model..
AUC Macro OVR: 0.8634016170961749, AUC Macro OVO: 0.8792764878316895, AP Macro: 0.46027264848870825
AUC Macro OVR: 0.9178066796875839, AUC Macro OVO: 0.8959031369047397, AP Macro: 0.560030519641007
AUC Macro OVR: 0.9111620624340209, AUC Macro OVO: 0.9134335857650946, AP Macro: 0.5507190921141722
Best validation loss detected at epoch 15! Validation Loss: 1.0781958493319426, Validation Accuracy: 0.5886742424242424. Saving model..
AUC Macro OVR: 0.9097068709448464, AUC Macro OVO: 0.8901071690154889, AP Macro: 0.5644795861058833
AUC Macro OVR: 0.9319695617793556, AUC Macro OVO: 0.917334316609896, AP Macro: 0.616527813908939
Best validation loss detected at epoch 17! Validation Loss: 1.0561742582104423, Validation Accuracy: 0.6593181818181819. Saving model..
AUC Macro OVR: 0.9257110092770127, AUC Macro OVO: 0.91764407357618, AP Macro: 0.6158455904660273
AUC Macro OVR: 0.9286276344476041, AUC Macro OVO: 0.9095484078423777, AP Macro: 0.5994467691429247
AUC Macro OVR: 0.9228902511722866, AUC Macro OVO: 0.9254639817735322, AP Macro: 0.5851145735102932
Best validation loss detected at epoch 20! Validation Loss: 1.0080312815579502, Validation Accuracy: 0.6335227272727273. Saving model..
AUC Macro OVR: 0.9252101560001625, AUC Macro OVO: 0.9277108853741053, AP Macro: 0.620013317265049
Best validation loss detected at epoch 21! Validation Loss: 1.0028139542449603, Validation Accuracy: 0.6137121212121213. Saving model..
AUC Macro OVR: 0.932074211635547, AUC Macro OVO: 0.9236477687186132, AP Macro: 0.6117861990964786
AUC Macro OVR: 0.932059006420794, AUC Macro OVO: 0.9194838485046815, AP Macro: 0.5923295034551113
AUC Macro OVR: 0.8897205938800001, AUC Macro OVO: 0.9154411942405477, AP Macro: 0.5396268435946767
AUC Macro OVR: 0.9254022839320434, AUC Macro OVO: 0.9343398598717971, AP Macro: 0.627257433377072
Best validation loss detected at epoch 25! Validation Loss: 0.959632913090966, Validation Accuracy: 0.6223106060606061. Saving model..
AUC Macro OVR: 0.9217298882706401, AUC Macro OVO: 0.9284753706597403, AP Macro: 0.6437720288657667
AUC Macro OVR: 0.937981353131129, AUC Macro OVO: 0.9394099768112111, AP Macro: 0.6694459145508906
Best validation loss detected at epoch 27! Validation Loss: 0.9005957495082508, Validation Accuracy: 0.6974242424242424. Saving model..
AUC Macro OVR: 0.9437186015692873, AUC Macro OVO: 0.947789628146937, AP Macro: 0.70307635342283
AUC Macro OVR: 0.9403810623255571, AUC Macro OVO: 0.935093635709969, AP Macro: 0.6851697399808137
AUC Macro OVR: 0.91957729782389, AUC Macro OVO: 0.9379393442257138, AP Macro: 0.6445621265586058
AUC Macro OVR: 0.9213665081714763, AUC Macro OVO: 0.9428433978452616, AP Macro: 0.6409197212022947
Best validation loss detected at epoch 31! Validation Loss: 0.8973776871507818, Validation Accuracy: 0.6524242424242425. Saving model..
AUC Macro OVR: 0.939042721631409, AUC Macro OVO: 0.9428852048058823, AP Macro: 0.6737068819817607
AUC Macro OVR: 0.9451735840255238, AUC Macro OVO: 0.9465232625469301, AP Macro: 0.7039783088126411
Best validation loss detected at epoch 33! Validation Loss: 0.887584219195626, Validation Accuracy: 0.721969696969697. Saving model..
AUC Macro OVR: 0.8970744260754493, AUC Macro OVO: 0.908565030102549, AP Macro: 0.5562020487338191
AUC Macro OVR: 0.9448544615632216, AUC Macro OVO: 0.9540846495942964, AP Macro: 0.7096611482340549
Best validation loss detected at epoch 35! Validation Loss: 0.8054571032524109, Validation Accuracy: 0.7179545454545454. Saving model..
AUC Macro OVR: 0.9485492344529598, AUC Macro OVO: 0.9523383965390229, AP Macro: 0.7300913476465307
Best validation loss detected at epoch 36! Validation Loss: 0.7898158767006614, Validation Accuracy: 0.6581060606060606. Saving model..
AUC Macro OVR: 0.9322120078522571, AUC Macro OVO: 0.9367029385891928, AP Macro: 0.6540020285164665
AUC Macro OVR: 0.9395048793674774, AUC Macro OVO: 0.9504115984726519, AP Macro: 0.6900093906876735
AUC Macro OVR: 0.9508591300676119, AUC Macro OVO: 0.9521606395844356, AP Macro: 0.7149196182125379
AUC Macro OVR: 0.9569381946047357, AUC Macro OVO: 0.9552543484620319, AP Macro: 0.7235711236157067
AUC Macro OVR: 0.9564783719055046, AUC Macro OVO: 0.959374678339137, AP Macro: 0.7185345649703752
Best validation loss detected at epoch 41! Validation Loss: 0.7632571097124706, Validation Accuracy: 0.7464015151515152. Saving model..
AUC Macro OVR: 0.9357816523410478, AUC Macro OVO: 0.9467203829240824, AP Macro: 0.6768557057594544
AUC Macro OVR: 0.9436608782667353, AUC Macro OVO: 0.9504296164164295, AP Macro: 0.696111036327004
AUC Macro OVR: 0.9496707734743184, AUC Macro OVO: 0.9519694305883774, AP Macro: 0.7019730271467304
AUC Macro OVR: 0.9473780958303935, AUC Macro OVO: 0.9540369336442721, AP Macro: 0.6971428306396764
AUC Macro OVR: 0.9461480899657089, AUC Macro OVO: 0.9528839573031382, AP Macro: 0.7374499753843017
AUC Macro OVR: 0.9585873143980121, AUC Macro OVO: 0.9514994891591698, AP Macro: 0.7523436000328707
AUC Macro OVR: 0.9547628592418784, AUC Macro OVO: 0.9537506997355507, AP Macro: 0.7199659397493314
AUC Macro OVR: 0.959840348869469, AUC Macro OVO: 0.9615001086007752, AP Macro: 0.7689241354588556
Best validation loss detected at epoch 49! Validation Loss: 0.756608442013914, Validation Accuracy: 0.7145075757575757. Saving model..
AUC Macro OVR: 0.9534558672534068, AUC Macro OVO: 0.9533447931349671, AP Macro: 0.7332914525427408
AUC Macro OVR: 0.944969874921706, AUC Macro OVO: 0.9524884798645895, AP Macro: 0.713864643853782
AUC Macro OVR: 0.935917416285271, AUC Macro OVO: 0.9435289888845251, AP Macro: 0.6841273749450513
AUC Macro OVR: 0.9594328025732815, AUC Macro OVO: 0.9617002483327907, AP Macro: 0.7468692302224487
AUC Macro OVR: 0.9499118839147234, AUC Macro OVO: 0.9535831039969989, AP Macro: 0.7186410972492405
AUC Macro OVR: 0.9557036970446435, AUC Macro OVO: 0.9592750323766467, AP Macro: 0.7422846205528246
AUC Macro OVR: 0.9508044260677118, AUC Macro OVO: 0.9557909040408316, AP Macro: 0.7012404906913402
AUC Macro OVR: 0.9561942658996195, AUC Macro OVO: 0.9517118951612711, AP Macro: 0.7425588516467871
AUC Macro OVR: 0.9366126603884222, AUC Macro OVO: 0.9442268164343145, AP Macro: 0.6825557342999136
AUC Macro OVR: 0.9420113655797493, AUC Macro OVO: 0.949926485435963, AP Macro: 0.6927174916262853
AUC Macro OVR: 0.9584638761016613, AUC Macro OVO: 0.9659015272241046, AP Macro: 0.7694836092264751
Best validation loss detected at epoch 60! Validation Loss: 0.6953583717346191, Validation Accuracy: 0.7434469696969697. Saving model..
AUC Macro OVR: 0.956903780038536, AUC Macro OVO: 0.9531808646808942, AP Macro: 0.7060983131673944
AUC Macro OVR: 0.9591623232816153, AUC Macro OVO: 0.9623804489087874, AP Macro: 0.7369882515570525
AUC Macro OVR: 0.9578045773290697, AUC Macro OVO: 0.9571897648093175, AP Macro: 0.7449749288458019
AUC Macro OVR: 0.9622168196785941, AUC Macro OVO: 0.9609372000186106, AP Macro: 0.7713896145908798
AUC Macro OVR: 0.9526411921447941, AUC Macro OVO: 0.9573255900418624, AP Macro: 0.7399514492053247
AUC Macro OVR: 0.9601908795952121, AUC Macro OVO: 0.9559685224935082, AP Macro: 0.7332052471959801
AUC Macro OVR: 0.9544508754060432, AUC Macro OVO: 0.9595889635004526, AP Macro: 0.76414228987684
AUC Macro OVR: 0.9631333018678836, AUC Macro OVO: 0.956087997249724, AP Macro: 0.7394550112568583
AUC Macro OVR: 0.9534783831935749, AUC Macro OVO: 0.9502639085150962, AP Macro: 0.7461067585494896
AUC Macro OVR: 0.9670669600903091, AUC Macro OVO: 0.9623678898575575, AP Macro: 0.8028059190678098
AUC Macro OVR: 0.9565955182716575, AUC Macro OVO: 0.9537452190597733, AP Macro: 0.7639920848396651
AUC Macro OVR: 0.9651803596431667, AUC Macro OVO: 0.9647777674330473, AP Macro: 0.8033148834533135
AUC Macro OVR: 0.9668041743057857, AUC Macro OVO: 0.9666143923724119, AP Macro: 0.8037147865880481
Early stoppage...
AUC Macro OVR: 0.9448693958123296, AUC Macro OVO: 0.9498046886460292, AP Macro: 0.7190592130537257
Test Loss: 0.8852991491556168, Test Accuracy: 0.7168181818181818
Finished!
