Selected Model Type: ResNet
AUC Macro OVR: 0.5294768193800901, AUC Macro OVO: 0.5353660541610372, AP Macro: 0.1388038261054957
Best validation loss detected at epoch 1! Validation Loss: 2.0666214487769388, Validation Accuracy: 0.04840909090909091. Saving model..
AUC Macro OVR: 0.6802526428665465, AUC Macro OVO: 0.6333593118807187, AP Macro: 0.1916310400777099
Best validation loss detected at epoch 2! Validation Loss: 2.021070228923451, Validation Accuracy: 0.4323484848484848. Saving model..
AUC Macro OVR: 0.737501344797853, AUC Macro OVO: 0.6655835591755623, AP Macro: 0.20318174243192955
Best validation loss detected at epoch 3! Validation Loss: 1.9602397745305842, Validation Accuracy: 0.5261363636363636. Saving model..
AUC Macro OVR: 0.7730860677348437, AUC Macro OVO: 0.7119953939465907, AP Macro: 0.22158079149695326
Best validation loss detected at epoch 4! Validation Loss: 1.8661122452129018, Validation Accuracy: 0.5824621212121213. Saving model..
AUC Macro OVR: 0.7314357876330313, AUC Macro OVO: 0.7324177152825451, AP Macro: 0.24240093416804726
Best validation loss detected at epoch 5! Validation Loss: 1.787030239538713, Validation Accuracy: 0.2310227272727273. Saving model..
AUC Macro OVR: 0.7813647845248485, AUC Macro OVO: 0.7550214939775678, AP Macro: 0.2536877489542294
Best validation loss detected at epoch 6! Validation Loss: 1.7014102296395734, Validation Accuracy: 0.510909090909091. Saving model..
AUC Macro OVR: 0.8401256381064118, AUC Macro OVO: 0.7869861051802325, AP Macro: 0.3002920625518941
Best validation loss detected at epoch 7! Validation Loss: 1.6185358730229464, Validation Accuracy: 0.535719696969697. Saving model..
AUC Macro OVR: 0.830784092246262, AUC Macro OVO: 0.797743042641982, AP Macro: 0.29521360414588604
Best validation loss detected at epoch 8! Validation Loss: 1.571880706873807, Validation Accuracy: 0.5108333333333334. Saving model..
AUC Macro OVR: 0.8175708476468884, AUC Macro OVO: 0.769743423701323, AP Macro: 0.27485915408716854
AUC Macro OVR: 0.8392685712228982, AUC Macro OVO: 0.8071853082983897, AP Macro: 0.3058590463940173
Best validation loss detected at epoch 10! Validation Loss: 1.5341552842747082, Validation Accuracy: 0.5352651515151515. Saving model..
AUC Macro OVR: 0.8363360994893545, AUC Macro OVO: 0.7997049725204103, AP Macro: 0.3112863410354418
AUC Macro OVR: 0.8413633882768339, AUC Macro OVO: 0.8122501287405405, AP Macro: 0.32055763352372546
Best validation loss detected at epoch 12! Validation Loss: 1.5320828979665584, Validation Accuracy: 0.4721212121212121. Saving model..
AUC Macro OVR: 0.831818599263937, AUC Macro OVO: 0.8047244227583369, AP Macro: 0.31102809977740664
AUC Macro OVR: 0.8523149625382627, AUC Macro OVO: 0.8125007351104301, AP Macro: 0.32744635924082416
Best validation loss detected at epoch 14! Validation Loss: 1.5087026411836797, Validation Accuracy: 0.49768939393939393. Saving model..
AUC Macro OVR: 0.863585274584624, AUC Macro OVO: 0.819760153181611, AP Macro: 0.35794772030581434
Best validation loss detected at epoch 15! Validation Loss: 1.4863194021311674, Validation Accuracy: 0.5506439393939394. Saving model..
AUC Macro OVR: 0.8203022682162694, AUC Macro OVO: 0.8006122469882614, AP Macro: 0.2882571997102968
AUC Macro OVR: 0.8370737070297157, AUC Macro OVO: 0.7977126584449735, AP Macro: 0.3178273448719575
AUC Macro OVR: 0.8387229591658423, AUC Macro OVO: 0.8276347338184562, AP Macro: 0.36297701319195447
AUC Macro OVR: 0.8458731752191115, AUC Macro OVO: 0.8138249545528096, AP Macro: 0.3419389586016497
AUC Macro OVR: 0.8703236425303083, AUC Macro OVO: 0.8444615076715103, AP Macro: 0.3683729501950363
Best validation loss detected at epoch 20! Validation Loss: 1.4131398699500344, Validation Accuracy: 0.5061742424242425. Saving model..
AUC Macro OVR: 0.86867628092794, AUC Macro OVO: 0.8451138736604191, AP Macro: 0.3702769534516084
Best validation loss detected at epoch 21! Validation Loss: 1.3999474178661, Validation Accuracy: 0.5340530303030303. Saving model..
AUC Macro OVR: 0.8888123586012415, AUC Macro OVO: 0.8610224433897767, AP Macro: 0.4067129819158383
Best validation loss detected at epoch 22! Validation Loss: 1.3122580203143033, Validation Accuracy: 0.5546212121212121. Saving model..
AUC Macro OVR: 0.8932782839442579, AUC Macro OVO: 0.8556812329026071, AP Macro: 0.4097750900026166
AUC Macro OVR: 0.8950194342674163, AUC Macro OVO: 0.8675640022403598, AP Macro: 0.4332355518882609
Best validation loss detected at epoch 24! Validation Loss: 1.2658299619501288, Validation Accuracy: 0.5773106060606061. Saving model..
AUC Macro OVR: 0.8979893488624885, AUC Macro OVO: 0.8553517588523872, AP Macro: 0.4391201844042843
AUC Macro OVR: 0.8934586854307877, AUC Macro OVO: 0.8534474767071192, AP Macro: 0.45904289911705065
AUC Macro OVR: 0.8863901311189739, AUC Macro OVO: 0.8610937275941323, AP Macro: 0.4386614688210923
AUC Macro OVR: 0.8947352091815268, AUC Macro OVO: 0.878248547591124, AP Macro: 0.438232173563061
AUC Macro OVR: 0.8352403225312376, AUC Macro OVO: 0.8228867605552922, AP Macro: 0.3439429317993744
AUC Macro OVR: 0.8615160074411262, AUC Macro OVO: 0.8255258488747436, AP Macro: 0.37121763919398404
AUC Macro OVR: 0.8802703776246167, AUC Macro OVO: 0.8541751080134002, AP Macro: 0.4104520955659772
AUC Macro OVR: 0.8856204172342188, AUC Macro OVO: 0.8510467915868976, AP Macro: 0.4077025286998245
AUC Macro OVR: 0.893594560875121, AUC Macro OVO: 0.8657683880582194, AP Macro: 0.43558710921175503
AUC Macro OVR: 0.9091562253520286, AUC Macro OVO: 0.8823065479319216, AP Macro: 0.4486695074484698
Best validation loss detected at epoch 34! Validation Loss: 1.2138289310715416, Validation Accuracy: 0.6325000000000001. Saving model..
AUC Macro OVR: 0.8837314796249547, AUC Macro OVO: 0.8631511055270736, AP Macro: 0.4154702025045166
AUC Macro OVR: 0.8997307363955578, AUC Macro OVO: 0.874660106829812, AP Macro: 0.41296899868094783
AUC Macro OVR: 0.8929609200521423, AUC Macro OVO: 0.8715408772592879, AP Macro: 0.4108305874002328
AUC Macro OVR: 0.8991792172136364, AUC Macro OVO: 0.872629779831813, AP Macro: 0.4259519640625813
AUC Macro OVR: 0.9023250945342858, AUC Macro OVO: 0.870882625059483, AP Macro: 0.44494201915467624
AUC Macro OVR: 0.8840965113665071, AUC Macro OVO: 0.8559878086675895, AP Macro: 0.4176685532701153
AUC Macro OVR: 0.8996666852268079, AUC Macro OVO: 0.8817101245557986, AP Macro: 0.4502738685100119
AUC Macro OVR: 0.8960073113693365, AUC Macro OVO: 0.8694226220710564, AP Macro: 0.4368604432060249
AUC Macro OVR: 0.9134950485455885, AUC Macro OVO: 0.8896127693169823, AP Macro: 0.47545640584665777
Best validation loss detected at epoch 43! Validation Loss: 1.1983895941214129, Validation Accuracy: 0.6279924242424242. Saving model..
AUC Macro OVR: 0.9067776538397085, AUC Macro OVO: 0.890513115588699, AP Macro: 0.4736653385466192
AUC Macro OVR: 0.9000485500649784, AUC Macro OVO: 0.8784612504992368, AP Macro: 0.4514202451418436
AUC Macro OVR: 0.9011016917152219, AUC Macro OVO: 0.8825489318398629, AP Macro: 0.45270454758139916
AUC Macro OVR: 0.6586431554126595, AUC Macro OVO: 0.6435229725067197, AP Macro: 0.23370352629397595
AUC Macro OVR: 0.9004059327301689, AUC Macro OVO: 0.8699751641270529, AP Macro: 0.43181903786795184
AUC Macro OVR: 0.892917867942057, AUC Macro OVO: 0.8663276641642804, AP Macro: 0.39986972468445653
AUC Macro OVR: 0.8925631679105775, AUC Macro OVO: 0.8640113594381261, AP Macro: 0.4249570901887687
AUC Macro OVR: 0.8916398539955612, AUC Macro OVO: 0.8700318344717264, AP Macro: 0.42194606139994284
AUC Macro OVR: 0.8986079486651304, AUC Macro OVO: 0.8780326554279075, AP Macro: 0.4255091997909246
AUC Macro OVR: 0.8999162797285851, AUC Macro OVO: 0.8774176830201962, AP Macro: 0.3911024937002166
AUC Macro OVR: 0.9025603789649504, AUC Macro OVO: 0.8868884582868366, AP Macro: 0.40941516180326804
AUC Macro OVR: 0.9107806439364148, AUC Macro OVO: 0.8902965093710671, AP Macro: 0.46428801635703865
Best validation loss detected at epoch 55! Validation Loss: 1.1758410074494101, Validation Accuracy: 0.6126136363636364. Saving model..
AUC Macro OVR: 0.9094103683608514, AUC Macro OVO: 0.8877067882521923, AP Macro: 0.4739120553612566
AUC Macro OVR: 0.9144953150652193, AUC Macro OVO: 0.8950031042877263, AP Macro: 0.48039167559428153
Best validation loss detected at epoch 57! Validation Loss: 1.1569913723252037, Validation Accuracy: 0.6308333333333334. Saving model..
AUC Macro OVR: 0.9124180546428493, AUC Macro OVO: 0.8928719412814548, AP Macro: 0.4847493853351843
AUC Macro OVR: 0.9109003373873987, AUC Macro OVO: 0.8956052522086086, AP Macro: 0.4834654354348362
AUC Macro OVR: 0.9136063344010878, AUC Macro OVO: 0.895944989750676, AP Macro: 0.48750843712893754
AUC Macro OVR: 0.9103685165675951, AUC Macro OVO: 0.8952813254939688, AP Macro: 0.48673837297272604
AUC Macro OVR: 0.916542277439848, AUC Macro OVO: 0.8978667565055971, AP Macro: 0.49442753727423505
Best validation loss detected at epoch 62! Validation Loss: 1.1489185159856623, Validation Accuracy: 0.6291287878787879. Saving model..
AUC Macro OVR: 0.9115417706437482, AUC Macro OVO: 0.8906039781619928, AP Macro: 0.4816106500815368
AUC Macro OVR: 0.9116104545900412, AUC Macro OVO: 0.8912075856280671, AP Macro: 0.48614011841543114
AUC Macro OVR: 0.9124059386354435, AUC Macro OVO: 0.8952008884996466, AP Macro: 0.4886846906589195
AUC Macro OVR: 0.9068730733265262, AUC Macro OVO: 0.8893279107446175, AP Macro: 0.48194281480050116
AUC Macro OVR: 0.9166423058073172, AUC Macro OVO: 0.8999066047624141, AP Macro: 0.4968848531375069
Best validation loss detected at epoch 67! Validation Loss: 1.1355580394918268, Validation Accuracy: 0.6337121212121212. Saving model..
AUC Macro OVR: 0.9164389373866973, AUC Macro OVO: 0.9045705750464675, AP Macro: 0.5089356404150438
Best validation loss detected at epoch 68! Validation Loss: 1.095838125185533, Validation Accuracy: 0.6348484848484848. Saving model..
AUC Macro OVR: 0.9172736346332448, AUC Macro OVO: 0.9026016023988104, AP Macro: 0.5044763791276681
AUC Macro OVR: 0.9167419492245663, AUC Macro OVO: 0.8994313500313883, AP Macro: 0.5107324785818865
AUC Macro OVR: 0.9186221889302517, AUC Macro OVO: 0.9040227587958072, AP Macro: 0.5103040798629098
AUC Macro OVR: 0.9154941823551828, AUC Macro OVO: 0.9041065195771345, AP Macro: 0.511565757355088
Best validation loss detected at epoch 72! Validation Loss: 1.0946290709755637, Validation Accuracy: 0.6382575757575757. Saving model..
AUC Macro OVR: 0.9145842130705759, AUC Macro OVO: 0.9000138150354869, AP Macro: 0.5092712968439855
AUC Macro OVR: 0.9185655262004109, AUC Macro OVO: 0.9039761718457144, AP Macro: 0.521930620985326
AUC Macro OVR: 0.9161030884958944, AUC Macro OVO: 0.9005626036239647, AP Macro: 0.5124594200083744
AUC Macro OVR: 0.9205615118170416, AUC Macro OVO: 0.9062815724073109, AP Macro: 0.5230924056832069
AUC Macro OVR: 0.9179535681801858, AUC Macro OVO: 0.9010992573799262, AP Macro: 0.5201313366730528
AUC Macro OVR: 0.9164732710958057, AUC Macro OVO: 0.9032665899598589, AP Macro: 0.5224849389351135
AUC Macro OVR: 0.923261424359346, AUC Macro OVO: 0.9071254117263552, AP Macro: 0.5322246841016838
AUC Macro OVR: 0.9218899059366721, AUC Macro OVO: 0.90985370282569, AP Macro: 0.5319765712012083
Best validation loss detected at epoch 80! Validation Loss: 1.060142150250348, Validation Accuracy: 0.6512878787878787. Saving model..
AUC Macro OVR: 0.9219483843045599, AUC Macro OVO: 0.9078275338119646, AP Macro: 0.5295674812006751
AUC Macro OVR: 0.917223971741687, AUC Macro OVO: 0.9015706462764962, AP Macro: 0.5138481932793841
AUC Macro OVR: 0.9194521454508707, AUC Macro OVO: 0.9075346913052631, AP Macro: 0.5261279849983771
AUC Macro OVR: 0.9186317175538012, AUC Macro OVO: 0.9050584467743263, AP Macro: 0.5193461454640472
AUC Macro OVR: 0.9191326435306303, AUC Macro OVO: 0.9061125703450134, AP Macro: 0.5265209741979544
AUC Macro OVR: 0.9197224015680624, AUC Macro OVO: 0.903355097748257, AP Macro: 0.5227546899110916
AUC Macro OVR: 0.9190925590114739, AUC Macro OVO: 0.9060904722141803, AP Macro: 0.5307604821913164
AUC Macro OVR: 0.9189103506376786, AUC Macro OVO: 0.9085565851041527, AP Macro: 0.5262580557676595
AUC Macro OVR: 0.920479918578394, AUC Macro OVO: 0.9078784728428986, AP Macro: 0.530648277944239
AUC Macro OVR: 0.9215598349566863, AUC Macro OVO: 0.9107619899194421, AP Macro: 0.5323953617050958
AUC Macro OVR: 0.9202188813734256, AUC Macro OVO: 0.907842738366724, AP Macro: 0.5339991189436534
AUC Macro OVR: 0.9217311261009088, AUC Macro OVO: 0.9097804253507294, AP Macro: 0.5371086310141513
AUC Macro OVR: 0.9207448713035099, AUC Macro OVO: 0.9064362713270445, AP Macro: 0.5312367284466952
AUC Macro OVR: 0.9196148952806529, AUC Macro OVO: 0.9035583736759362, AP Macro: 0.5306852393180547
AUC Macro OVR: 0.9189210849833428, AUC Macro OVO: 0.9046533480898153, AP Macro: 0.5321096603534956
AUC Macro OVR: 0.920797586266513, AUC Macro OVO: 0.9065485644494792, AP Macro: 0.5345979992814378
AUC Macro OVR: 0.918924071616146, AUC Macro OVO: 0.9075864697050776, AP Macro: 0.5317865615299385
AUC Macro OVR: 0.922804940315927, AUC Macro OVO: 0.9103663143784922, AP Macro: 0.5442156944134044
AUC Macro OVR: 0.9229860033780084, AUC Macro OVO: 0.9080071980121808, AP Macro: 0.5416327404413761
AUC Macro OVR: 0.9224650670275542, AUC Macro OVO: 0.9112540118902986, AP Macro: 0.538049206274329
AUC Macro OVR: 0.9209782857184636, AUC Macro OVO: 0.9080736768185477, AP Macro: 0.5376941027789092
Early stoppage...
AUC Macro OVR: 0.9110498599620388, AUC Macro OVO: 0.9018033971922215, AP Macro: 0.4667144547368465
Test Loss: 1.1277808601205999, Test Accuracy: 0.6309469696969697
Finished!
