Model Type: Swin V2 Transformer
AUC Macro OVR: 0.7139233287392732, AUC Macro OVO: 0.6937256240617614, AP Macro: 0.1950447751933979
Best validation loss detected at epoch 1! Validation Loss: 1.8859479383988813, Validation Accuracy: 0.3526515151515151. Saving model..
AUC Macro OVR: 0.8344136007110495, AUC Macro OVO: 0.8021130776035339, AP Macro: 0.2886047710213556
Best validation loss detected at epoch 2! Validation Loss: 1.6229435357180508, Validation Accuracy: 0.46912878787878787. Saving model..
AUC Macro OVR: 0.882864275470822, AUC Macro OVO: 0.852698983347551, AP Macro: 0.37541542043810283
Best validation loss detected at epoch 3! Validation Loss: 1.4120655341581865, Validation Accuracy: 0.5340530303030303. Saving model..
AUC Macro OVR: 0.8940270636961745, AUC Macro OVO: 0.8814525849908911, AP Macro: 0.4079533200115531
Best validation loss detected at epoch 4! Validation Loss: 1.2740836598656393, Validation Accuracy: 0.5454924242424243. Saving model..
AUC Macro OVR: 0.9127974410647393, AUC Macro OVO: 0.9001331661732961, AP Macro: 0.460529859696282
Best validation loss detected at epoch 5! Validation Loss: 1.150689440423792, Validation Accuracy: 0.5966287878787878. Saving model..
AUC Macro OVR: 0.9235073985942187, AUC Macro OVO: 0.9078755436762325, AP Macro: 0.5035155862758032
Best validation loss detected at epoch 6! Validation Loss: 1.1144574609669773, Validation Accuracy: 0.6188636363636364. Saving model..
AUC Macro OVR: 0.9288596204379034, AUC Macro OVO: 0.9168922248103211, AP Macro: 0.53996221619416
Best validation loss detected at epoch 7! Validation Loss: 1.0446862968531523, Validation Accuracy: 0.6353787878787879. Saving model..
AUC Macro OVR: 0.9342361330183053, AUC Macro OVO: 0.9231617200873862, AP Macro: 0.5592388942381716
Best validation loss detected at epoch 8! Validation Loss: 1.0064106253060427, Validation Accuracy: 0.6580681818181818. Saving model..
AUC Macro OVR: 0.9320593266532244, AUC Macro OVO: 0.9290222775212428, AP Macro: 0.5565219355357274
Best validation loss detected at epoch 9! Validation Loss: 0.9698996500535445, Validation Accuracy: 0.6108712121212122. Saving model..
AUC Macro OVR: 0.9392259737946832, AUC Macro OVO: 0.932904874417307, AP Macro: 0.595091428864341
Best validation loss detected at epoch 10! Validation Loss: 0.9566899212923917, Validation Accuracy: 0.6382575757575757. Saving model..
AUC Macro OVR: 0.9421084606836058, AUC Macro OVO: 0.937544481444288, AP Macro: 0.6005085769554266
Best validation loss detected at epoch 11! Validation Loss: 0.9093584429134022, Validation Accuracy: 0.6779545454545455. Saving model..
AUC Macro OVR: 0.9421144655428926, AUC Macro OVO: 0.9413526784710141, AP Macro: 0.6057287673143851
Best validation loss detected at epoch 12! Validation Loss: 0.8857892106879841, Validation Accuracy: 0.6529924242424242. Saving model..
AUC Macro OVR: 0.9490378810807117, AUC Macro OVO: 0.9426893333851802, AP Macro: 0.6391653732758373
Best validation loss detected at epoch 13! Validation Loss: 0.8498668264258992, Validation Accuracy: 0.7059090909090909. Saving model..
AUC Macro OVR: 0.9472826189611794, AUC Macro OVO: 0.9450791564750916, AP Macro: 0.6351686565359221
AUC Macro OVR: 0.9471646032093402, AUC Macro OVO: 0.9454810450779351, AP Macro: 0.63814006568581
Best validation loss detected at epoch 15! Validation Loss: 0.8458645603873512, Validation Accuracy: 0.6865909090909091. Saving model..
AUC Macro OVR: 0.9525970301235263, AUC Macro OVO: 0.9472533360093373, AP Macro: 0.6690291105772942
Best validation loss detected at epoch 16! Validation Loss: 0.8244941548867659, Validation Accuracy: 0.7365151515151515. Saving model..
AUC Macro OVR: 0.9517721823360501, AUC Macro OVO: 0.9488442963731752, AP Macro: 0.6599265177705155
Best validation loss detected at epoch 17! Validation Loss: 0.8191652639345689, Validation Accuracy: 0.7053409090909092. Saving model..
AUC Macro OVR: 0.9524821218764545, AUC Macro OVO: 0.949987159323815, AP Macro: 0.6602145834196209
Best validation loss detected at epoch 18! Validation Loss: 0.7951347215609117, Validation Accuracy: 0.7139015151515151. Saving model..
AUC Macro OVR: 0.9527944980280643, AUC Macro OVO: 0.9510215652972399, AP Macro: 0.6649178251401258
Best validation loss detected at epoch 19! Validation Loss: 0.7788236986507069, Validation Accuracy: 0.7178409090909091. Saving model..
AUC Macro OVR: 0.9528542315632536, AUC Macro OVO: 0.9521567220882954, AP Macro: 0.6700896100069353
AUC Macro OVR: 0.9550873118751513, AUC Macro OVO: 0.9526264853322312, AP Macro: 0.6778797480547888
Best validation loss detected at epoch 21! Validation Loss: 0.7712889771569859, Validation Accuracy: 0.7139015151515151. Saving model..
AUC Macro OVR: 0.9561587462294515, AUC Macro OVO: 0.9546170091138074, AP Macro: 0.6914355807802959
Best validation loss detected at epoch 22! Validation Loss: 0.7694810184565457, Validation Accuracy: 0.7349242424242425. Saving model..
AUC Macro OVR: 0.956969669935056, AUC Macro OVO: 0.9538785950199928, AP Macro: 0.6984214605384556
AUC Macro OVR: 0.9582090660583937, AUC Macro OVO: 0.954505899230719, AP Macro: 0.7043214128358068
Best validation loss detected at epoch 24! Validation Loss: 0.7489239486781034, Validation Accuracy: 0.7423863636363636. Saving model..
AUC Macro OVR: 0.9567081761051307, AUC Macro OVO: 0.9570667224614304, AP Macro: 0.6977786833699655
Best validation loss detected at epoch 25! Validation Loss: 0.7320638304406947, Validation Accuracy: 0.7441666666666666. Saving model..
AUC Macro OVR: 0.9589179836458961, AUC Macro OVO: 0.9552836958463607, AP Macro: 0.7073566529473898
AUC Macro OVR: 0.9603133015597961, AUC Macro OVO: 0.9585580261141003, AP Macro: 0.7151573087602245
Best validation loss detected at epoch 27! Validation Loss: 0.7135196127674797, Validation Accuracy: 0.765189393939394. Saving model..
AUC Macro OVR: 0.9604720203104662, AUC Macro OVO: 0.9572263986372781, AP Macro: 0.7214264332717631
AUC Macro OVR: 0.960787494552751, AUC Macro OVO: 0.9588647689196405, AP Macro: 0.7224492768535927
Best validation loss detected at epoch 29! Validation Loss: 0.7006603389978409, Validation Accuracy: 0.7805681818181818. Saving model..
AUC Macro OVR: 0.9613922100783914, AUC Macro OVO: 0.9572849322682815, AP Macro: 0.7226044679054728
AUC Macro OVR: 0.9617401990607926, AUC Macro OVO: 0.9578423288001013, AP Macro: 0.7284619487603438
AUC Macro OVR: 0.9629151961966789, AUC Macro OVO: 0.9590770831726526, AP Macro: 0.7327936301372031
AUC Macro OVR: 0.9620621307429135, AUC Macro OVO: 0.958101435639355, AP Macro: 0.7364436253194941
AUC Macro OVR: 0.9637962916788054, AUC Macro OVO: 0.9608874793733534, AP Macro: 0.7453678456066148
AUC Macro OVR: 0.9633639193366819, AUC Macro OVO: 0.9611084871133847, AP Macro: 0.7519026558405524
AUC Macro OVR: 0.9625726212165042, AUC Macro OVO: 0.960594327973542, AP Macro: 0.7395420805297641
AUC Macro OVR: 0.965256352781791, AUC Macro OVO: 0.9598673339857606, AP Macro: 0.7502084232186242
AUC Macro OVR: 0.9640882797712751, AUC Macro OVO: 0.9632826924526656, AP Macro: 0.7433544051826348
Best validation loss detected at epoch 38! Validation Loss: 0.6924933016300201, Validation Accuracy: 0.7873484848484849. Saving model..
AUC Macro OVR: 0.9641651692914197, AUC Macro OVO: 0.9640450484117551, AP Macro: 0.7482177021890233
Best validation loss detected at epoch 39! Validation Loss: 0.685267003828829, Validation Accuracy: 0.7839772727272727. Saving model..
AUC Macro OVR: 0.9642609957494874, AUC Macro OVO: 0.9633701656610684, AP Macro: 0.7582056927967018
AUC Macro OVR: 0.9649161882511772, AUC Macro OVO: 0.9628185831606845, AP Macro: 0.7526698790563916
AUC Macro OVR: 0.9642202091517391, AUC Macro OVO: 0.9602602351499235, AP Macro: 0.7506266946065754
AUC Macro OVR: 0.9635832251983651, AUC Macro OVO: 0.9623771052324396, AP Macro: 0.7504692453216963
AUC Macro OVR: 0.9669184052080773, AUC Macro OVO: 0.9618320806735834, AP Macro: 0.7644244030451635
AUC Macro OVR: 0.9665255925813422, AUC Macro OVO: 0.96256597811138, AP Macro: 0.7606952830955502
AUC Macro OVR: 0.9678865369834971, AUC Macro OVO: 0.9644753008192376, AP Macro: 0.7700549423842271
AUC Macro OVR: 0.9676093170486182, AUC Macro OVO: 0.9648047796424831, AP Macro: 0.7765296256338468
AUC Macro OVR: 0.9670615306964637, AUC Macro OVO: 0.962554099787542, AP Macro: 0.7638500413269474
AUC Macro OVR: 0.9676614683656107, AUC Macro OVO: 0.9631246936704636, AP Macro: 0.770170415311477
AUC Macro OVR: 0.9683711665492336, AUC Macro OVO: 0.9626513051521667, AP Macro: 0.7676020268655975
AUC Macro OVR: 0.9683701975769503, AUC Macro OVO: 0.963573636677511, AP Macro: 0.7725766285642583
AUC Macro OVR: 0.9687118875189882, AUC Macro OVO: 0.9643647966367439, AP Macro: 0.7724912935846624
AUC Macro OVR: 0.9691886779782024, AUC Macro OVO: 0.9643759073387127, AP Macro: 0.7740338811365761
AUC Macro OVR: 0.9688982141475048, AUC Macro OVO: 0.9640510503330233, AP Macro: 0.7735244818170142
AUC Macro OVR: 0.9691476412586628, AUC Macro OVO: 0.9642882812533727, AP Macro: 0.7744366908585132
AUC Macro OVR: 0.969083929745809, AUC Macro OVO: 0.9643146365748972, AP Macro: 0.7749971167887413
AUC Macro OVR: 0.9688610096136772, AUC Macro OVO: 0.9647044031873826, AP Macro: 0.7748954882214611
AUC Macro OVR: 0.969212652453162, AUC Macro OVO: 0.964464252965407, AP Macro: 0.7761917888079826
AUC Macro OVR: 0.969333758553275, AUC Macro OVO: 0.9643212992781786, AP Macro: 0.7739370059205113
AUC Macro OVR: 0.969286980774396, AUC Macro OVO: 0.9639783130503812, AP Macro: 0.7761200839744077
AUC Macro OVR: 0.9694061805505798, AUC Macro OVO: 0.9639292661900457, AP Macro: 0.7766223938589261
AUC Macro OVR: 0.969385052283986, AUC Macro OVO: 0.9640423303735863, AP Macro: 0.7767457528046451
AUC Macro OVR: 0.9694220975075678, AUC Macro OVO: 0.9640006206681884, AP Macro: 0.7766963068387953
AUC Macro OVR: 0.9694925090679583, AUC Macro OVO: 0.9640800365588396, AP Macro: 0.7767547324674877
AUC Macro OVR: 0.9695153487312864, AUC Macro OVO: 0.9640797880413382, AP Macro: 0.7769457236940344
AUC Macro OVR: 0.9695176618562599, AUC Macro OVO: 0.9640907745640089, AP Macro: 0.7763038088417809
AUC Macro OVR: 0.9695004538496619, AUC Macro OVO: 0.964134759135639, AP Macro: 0.7760776769834421
AUC Macro OVR: 0.9695907890128372, AUC Macro OVO: 0.9641351415965709, AP Macro: 0.7762676482226911
AUC Macro OVR: 0.9696149240735266, AUC Macro OVO: 0.9641592665274442, AP Macro: 0.7761454174154631
AUC Macro OVR: 0.969538956904426, AUC Macro OVO: 0.9642234222834339, AP Macro: 0.7761312215223939
AUC Macro OVR: 0.9695344696658598, AUC Macro OVO: 0.96421380841912, AP Macro: 0.7760389990979373
AUC Macro OVR: 0.9695196709883642, AUC Macro OVO: 0.964178296436798, AP Macro: 0.7758414443390473
AUC Macro OVR: 0.9695177607464514, AUC Macro OVO: 0.9641733816565399, AP Macro: 0.7758191170706576
AUC Macro OVR: 0.9695216127077753, AUC Macro OVO: 0.9641762965227436, AP Macro: 0.7758516529257555
AUC Macro OVR: 0.9695236765345496, AUC Macro OVO: 0.9641848337679307, AP Macro: 0.7758619170226206
AUC Macro OVR: 0.9695244259570861, AUC Macro OVO: 0.9641883732985491, AP Macro: 0.7758666641687282
AUC Macro OVR: 0.9695241674011912, AUC Macro OVO: 0.9641944787727335, AP Macro: 0.7758572802497596
AUC Macro OVR: 0.9695245235422034, AUC Macro OVO: 0.9641976990400526, AP Macro: 0.7758588313798463
AUC Macro OVR: 0.9695229729050521, AUC Macro OVO: 0.9642042845468689, AP Macro: 0.7758410709604427
AUC Macro OVR: 0.969525570559679, AUC Macro OVO: 0.964199649317878, AP Macro: 0.7758605170605135
AUC Macro OVR: 0.9695253190488796, AUC Macro OVO: 0.9642067921042353, AP Macro: 0.7760603705888643
AUC Macro OVR: 0.9695231689661377, AUC Macro OVO: 0.9642079159710883, AP Macro: 0.7760577575984515
AUC Macro OVR: 0.9695223106209316, AUC Macro OVO: 0.9642088374406743, AP Macro: 0.7760430498869053
AUC Macro OVR: 0.9695277144910764, AUC Macro OVO: 0.9642218606121002, AP Macro: 0.7761771201876955
AUC Macro OVR: 0.969523256498702, AUC Macro OVO: 0.9642087790638643, AP Macro: 0.775971433913265
AUC Macro OVR: 0.9695246041185741, AUC Macro OVO: 0.9642222094142696, AP Macro: 0.7759826481391936
AUC Macro OVR: 0.9695232484351661, AUC Macro OVO: 0.964221804202168, AP Macro: 0.7759801470516569
AUC Macro OVR: 0.9695258454416423, AUC Macro OVO: 0.9642353098406903, AP Macro: 0.7760106104151868
AUC Macro OVR: 0.9695225284204405, AUC Macro OVO: 0.9642240248628531, AP Macro: 0.7760118911196356
AUC Macro OVR: 0.9695229185535945, AUC Macro OVO: 0.9642301550911937, AP Macro: 0.7759232508891606
AUC Macro OVR: 0.969527865870709, AUC Macro OVO: 0.9642266310707738, AP Macro: 0.7760331194650207
AUC Macro OVR: 0.9695280581985869, AUC Macro OVO: 0.9642279376786927, AP Macro: 0.7760325646649583
AUC Macro OVR: 0.9695270624272704, AUC Macro OVO: 0.9642356034137903, AP Macro: 0.7762194028674148
AUC Macro OVR: 0.969525277020824, AUC Macro OVO: 0.9642321596118241, AP Macro: 0.7762314003823951
AUC Macro OVR: 0.9695287894795928, AUC Macro OVO: 0.9642427499973801, AP Macro: 0.776239358179549
AUC Macro OVR: 0.969524738252364, AUC Macro OVO: 0.9642435802295803, AP Macro: 0.776227680026615
AUC Macro OVR: 0.9695215702889155, AUC Macro OVO: 0.964242729895443, AP Macro: 0.7762162038270118
AUC Macro OVR: 0.9695227424620734, AUC Macro OVO: 0.9642471274034943, AP Macro: 0.7762229523576503
AUC Macro OVR: 0.9695206269708038, AUC Macro OVO: 0.9642552036490145, AP Macro: 0.7762254399382048
AUC Macro OVR: 0.9695300305607344, AUC Macro OVO: 0.964300513803984, AP Macro: 0.7762659750213268
AUC Macro OVR: 0.9695234131587248, AUC Macro OVO: 0.9642907355947701, AP Macro: 0.7762553185996668
AUC Macro OVR: 0.9695278394237158, AUC Macro OVO: 0.9643006038259634, AP Macro: 0.7762632998461212
AUC Macro OVR: 0.9695234220009845, AUC Macro OVO: 0.9643016536796015, AP Macro: 0.7761715128168318
AUC Macro OVR: 0.9695244490037491, AUC Macro OVO: 0.9642884353904516, AP Macro: 0.776187051239166
AUC Macro OVR: 0.969525188385035, AUC Macro OVO: 0.9642869888266457, AP Macro: 0.7761893329378963
AUC Macro OVR: 0.9695275105787449, AUC Macro OVO: 0.9643138787327133, AP Macro: 0.776179372285182
AUC Macro OVR: 0.9695252017411634, AUC Macro OVO: 0.9642946719766294, AP Macro: 0.7761891052775104
AUC Macro OVR: 0.9695171602845594, AUC Macro OVO: 0.9642955916854119, AP Macro: 0.7761209920414264
AUC Macro OVR: 0.9695251118408899, AUC Macro OVO: 0.9643170309636098, AP Macro: 0.7761547854953579
AUC Macro OVR: 0.9695218283280063, AUC Macro OVO: 0.9643158891652215, AP Macro: 0.776108765745433
AUC Macro OVR: 0.9695235496977417, AUC Macro OVO: 0.9643255536151667, AP Macro: 0.776141639924876
AUC Macro OVR: 0.969520954450912, AUC Macro OVO: 0.9643066125059138, AP Macro: 0.7761042670101057
AUC Macro OVR: 0.9695217490266491, AUC Macro OVO: 0.9643166067635196, AP Macro: 0.776126841858901
AUC Macro OVR: 0.9695209703268748, AUC Macro OVO: 0.9643244384788099, AP Macro: 0.7761140115068976
AUC Macro OVR: 0.9695224285409283, AUC Macro OVO: 0.9643548058205391, AP Macro: 0.7761077485421415
AUC Macro OVR: 0.9695256017023306, AUC Macro OVO: 0.9643595038031653, AP Macro: 0.7761391309874092
AUC Macro OVR: 0.9695263606814846, AUC Macro OVO: 0.9643681846993187, AP Macro: 0.7761385794927801
AUC Macro OVR: 0.9695227924951411, AUC Macro OVO: 0.9643728649160577, AP Macro: 0.7760893324799806
AUC Macro OVR: 0.969524093202166, AUC Macro OVO: 0.9643714217537381, AP Macro: 0.7761166436595264
AUC Macro OVR: 0.9695232336333371, AUC Macro OVO: 0.9643718576796322, AP Macro: 0.776087858914399
AUC Macro OVR: 0.9695194611418152, AUC Macro OVO: 0.9643724503963588, AP Macro: 0.7760811406772498
AUC Macro OVR: 0.9695249687245634, AUC Macro OVO: 0.9643747913447032, AP Macro: 0.7760902962450633
AUC Macro OVR: 0.9695272177679067, AUC Macro OVO: 0.9643718865338003, AP Macro: 0.7761248296662304
AUC Macro OVR: 0.9695298277042644, AUC Macro OVO: 0.9643738569735508, AP Macro: 0.7761373398900222
AUC Macro OVR: 0.9695286780702252, AUC Macro OVO: 0.9643723758162439, AP Macro: 0.7761276224133893
AUC Macro OVR: 0.9695286812298979, AUC Macro OVO: 0.9643658828005602, AP Macro: 0.7761179914858403
AUC Macro OVR: 0.9695289079970331, AUC Macro OVO: 0.9643737128380157, AP Macro: 0.776127933455864
AUC Macro OVR: 0.9695291981527285, AUC Macro OVO: 0.964376823212705, AP Macro: 0.7761307122843291
AUC Macro OVR: 0.9695279978464191, AUC Macro OVO: 0.9643791203490928, AP Macro: 0.7761166899622078
AUC Macro OVR: 0.9695324929417879, AUC Macro OVO: 0.9643765593367043, AP Macro: 0.7761397778516383
AUC Macro OVR: 0.969527987284601, AUC Macro OVO: 0.9643757652598632, AP Macro: 0.7761212256547153
AUC Macro OVR: 0.9695312208638501, AUC Macro OVO: 0.9643767895588401, AP Macro: 0.7761266092182043
AUC Macro OVR: 0.9695354363653417, AUC Macro OVO: 0.9643742925941733, AP Macro: 0.7761414419882151
AUC Macro OVR: 0.9695422462228123, AUC Macro OVO: 0.9643791857693779, AP Macro: 0.7761445367634676
AUC Macro OVR: 0.9695376835501512, AUC Macro OVO: 0.9643963962763192, AP Macro: 0.7762937428933082
AUC Macro OVR: 0.96954128210137, AUC Macro OVO: 0.9644119388256501, AP Macro: 0.7763210811661343
AUC Macro OVR: 0.969539412322032, AUC Macro OVO: 0.96439916867865, AP Macro: 0.7763106359611505
AUC Macro OVR: 0.9695390259467177, AUC Macro OVO: 0.9644012888301419, AP Macro: 0.7763070295879364
AUC Macro OVR: 0.969540670678479, AUC Macro OVO: 0.9644035657812762, AP Macro: 0.7763302472620356
AUC Macro OVR: 0.9695393188028943, AUC Macro OVO: 0.9644069818028572, AP Macro: 0.7763278670575762
AUC Macro OVR: 0.9695447558538666, AUC Macro OVO: 0.9644079216715652, AP Macro: 0.7763393895986721
AUC Macro OVR: 0.9695507907580999, AUC Macro OVO: 0.9644295221385182, AP Macro: 0.7763410603055971
AUC Macro OVR: 0.9695452838764762, AUC Macro OVO: 0.9644147250388997, AP Macro: 0.7763210259339981
AUC Macro OVR: 0.9695432646937273, AUC Macro OVO: 0.9644182719120342, AP Macro: 0.7763310767618042
AUC Macro OVR: 0.9695388974953771, AUC Macro OVO: 0.9644182806767845, AP Macro: 0.7762954661196579
AUC Macro OVR: 0.9695434580930129, AUC Macro OVO: 0.964420988781444, AP Macro: 0.7763190314450281
AUC Macro OVR: 0.9695422292965921, AUC Macro OVO: 0.9644199803612578, AP Macro: 0.7763341834130457
AUC Macro OVR: 0.9695420083396271, AUC Macro OVO: 0.9644193053476862, AP Macro: 0.7763276805221686
AUC Macro OVR: 0.9695423434558967, AUC Macro OVO: 0.9644070677662077, AP Macro: 0.7763382672661205
AUC Macro OVR: 0.9695508093459364, AUC Macro OVO: 0.964430312544333, AP Macro: 0.776350008719673
AUC Macro OVR: 0.9695460411198421, AUC Macro OVO: 0.9644087971663273, AP Macro: 0.7763318118498516
AUC Macro OVR: 0.9695446804796035, AUC Macro OVO: 0.964414645276354, AP Macro: 0.7763238881571708
AUC Macro OVR: 0.9695469859471171, AUC Macro OVO: 0.9644177787283791, AP Macro: 0.776124366922937
AUC Macro OVR: 0.9695475243020781, AUC Macro OVO: 0.9644394582773488, AP Macro: 0.7761357563092757
AUC Macro OVR: 0.9695534405331381, AUC Macro OVO: 0.9644491935150737, AP Macro: 0.7761493767139914
AUC Macro OVR: 0.9695542773658622, AUC Macro OVO: 0.9644491695285885, AP Macro: 0.7763630352009696
AUC Macro OVR: 0.969546732630841, AUC Macro OVO: 0.9644268393177919, AP Macro: 0.7761417052693751
AUC Macro OVR: 0.9695438893123289, AUC Macro OVO: 0.9644085317715029, AP Macro: 0.7759749839641217
AUC Macro OVR: 0.9695464790931528, AUC Macro OVO: 0.9644115333668445, AP Macro: 0.7759930396063799
AUC Macro OVR: 0.9695421484109326, AUC Macro OVO: 0.9644280437567953, AP Macro: 0.7759743374898884
AUC Macro OVR: 0.9695371664781576, AUC Macro OVO: 0.9644278521128621, AP Macro: 0.7759509944136547
AUC Macro OVR: 0.9695382616449889, AUC Macro OVO: 0.9644339710294888, AP Macro: 0.7759582429222505
AUC Macro OVR: 0.9695473092328827, AUC Macro OVO: 0.9644642201393461, AP Macro: 0.7761677671779867
AUC Macro OVR: 0.9695475441217338, AUC Macro OVO: 0.9644637137256984, AP Macro: 0.7763471361857994
AUC Macro OVR: 0.9695419472570245, AUC Macro OVO: 0.964462112136732, AP Macro: 0.7761081876625533
AUC Macro OVR: 0.9695431247444168, AUC Macro OVO: 0.9644628189498766, AP Macro: 0.7761086993132507
AUC Macro OVR: 0.9695460088215317, AUC Macro OVO: 0.964468549358359, AP Macro: 0.7761294896111719
AUC Macro OVR: 0.9695484892317972, AUC Macro OVO: 0.9644693107364753, AP Macro: 0.7761373508921586
AUC Macro OVR: 0.9695463750284266, AUC Macro OVO: 0.9644705656648392, AP Macro: 0.7761328086046128
AUC Macro OVR: 0.9695432024537988, AUC Macro OVO: 0.9644670260622353, AP Macro: 0.7761193788100372
AUC Macro OVR: 0.9695456452651343, AUC Macro OVO: 0.9644662763337646, AP Macro: 0.7761343581792584
AUC Macro OVR: 0.9695479944297489, AUC Macro OVO: 0.9644611971741497, AP Macro: 0.7761534836466744
AUC Macro OVR: 0.9695429969249976, AUC Macro OVO: 0.9644573080521878, AP Macro: 0.7761389603337603
AUC Macro OVR: 0.9695435649387883, AUC Macro OVO: 0.9644599795882384, AP Macro: 0.7761018638182232
AUC Macro OVR: 0.969543503728978, AUC Macro OVO: 0.9644396545916712, AP Macro: 0.7760964811739108
AUC Macro OVR: 0.9695438559315939, AUC Macro OVO: 0.9644335995414696, AP Macro: 0.776145201057768
AUC Macro OVR: 0.9695402617666606, AUC Macro OVO: 0.9644322689443993, AP Macro: 0.7760925657045245
AUC Macro OVR: 0.9695369796938912, AUC Macro OVO: 0.9644294236534666, AP Macro: 0.7760504245470585
AUC Macro OVR: 0.969542247884053, AUC Macro OVO: 0.9644297812250232, AP Macro: 0.7760972397703778
AUC Macro OVR: 0.9695438704450481, AUC Macro OVO: 0.9644336074505376, AP Macro: 0.7760934127804571
AUC Macro OVR: 0.9695408260340042, AUC Macro OVO: 0.9644260449161761, AP Macro: 0.7760908693468195
AUC Macro OVR: 0.9695422773664797, AUC Macro OVO: 0.9644245695397007, AP Macro: 0.7760925288346605
AUC Macro OVR: 0.9695452810189211, AUC Macro OVO: 0.96442541501482, AP Macro: 0.7760942525196006
AUC Macro OVR: 0.969544969574908, AUC Macro OVO: 0.9644295170337528, AP Macro: 0.7760880901062801
AUC Macro OVR: 0.9695458176786016, AUC Macro OVO: 0.9644364180851416, AP Macro: 0.7760854299846125
AUC Macro OVR: 0.969543573781048, AUC Macro OVO: 0.964424567074199, AP Macro: 0.776085913831825
AUC Macro OVR: 0.9695392745435131, AUC Macro OVO: 0.9644193283596149, AP Macro: 0.7760933763936284
AUC Macro OVR: 0.9695376519825181, AUC Macro OVO: 0.9644204795989356, AP Macro: 0.7760794742843808
AUC Macro OVR: 0.9695393200162461, AUC Macro OVO: 0.9644244443603344, AP Macro: 0.7760894200514067
AUC Macro OVR: 0.9695369448730418, AUC Macro OVO: 0.9644209638157941, AP Macro: 0.7760878016446349
AUC Macro OVR: 0.9695416986019114, AUC Macro OVO: 0.9644454757989616, AP Macro: 0.7761465262152907
AUC Macro OVR: 0.9695425098824089, AUC Macro OVO: 0.9644421487460655, AP Macro: 0.7761433611223005
AUC Macro OVR: 0.9695479436298957, AUC Macro OVO: 0.9644462333745132, AP Macro: 0.7761776536627931
AUC Macro OVR: 0.9695386791756486, AUC Macro OVO: 0.9644419105182143, AP Macro: 0.7761315801824041
AUC Macro OVR: 0.969536044684586, AUC Macro OVO: 0.9644441356931462, AP Macro: 0.7761292821615728
AUC Macro OVR: 0.9695379983650679, AUC Macro OVO: 0.9644481227539802, AP Macro: 0.7761101599926249
AUC Macro OVR: 0.9695422930160555, AUC Macro OVO: 0.9644613538478172, AP Macro: 0.7761106047002151
AUC Macro OVR: 0.9695398305454759, AUC Macro OVO: 0.9644596450926555, AP Macro: 0.7761044485568431
AUC Macro OVR: 0.9695388211269302, AUC Macro OVO: 0.9644589827605207, AP Macro: 0.7761121541747824
AUC Macro OVR: 0.9695411824210605, AUC Macro OVO: 0.9644595681642035, AP Macro: 0.7761061955137007
AUC Macro OVR: 0.9603859477901788, AUC Macro OVO: 0.9568154958652391, AP Macro: 0.703463285927175
Test Loss: 0.7699948694987767, Test Accuracy: 0.7726757369614512
Finished!
